<?xml version="1.0" encoding="UTF-8"?>
<coverage generated="1767410730751" clover="3.2.0">
  <project timestamp="1767410730751" name="All files">
    <metrics statements="475" coveredstatements="293" conditionals="247" coveredconditionals="161" methods="212" coveredmethods="100" elements="934" coveredelements="554" complexity="0" loc="475" ncloc="475" packages="9" files="30" classes="30"/>
    <package name="api">
      <metrics statements="7" coveredstatements="2" conditionals="0" coveredconditionals="0" methods="5" coveredmethods="0"/>
      <file name="axios.ts" path="/Users/kiran/Developer/test/Claros-Analytics-Frontend/src/api/axios.ts">
        <metrics statements="1" coveredstatements="1" conditionals="0" coveredconditionals="0" methods="0" coveredmethods="0"/>
        <line num="3" count="1" type="stmt"/>
      </file>
      <file name="userApi.ts" path="/Users/kiran/Developer/test/Claros-Analytics-Frontend/src/api/userApi.ts">
        <metrics statements="6" coveredstatements="1" conditionals="0" coveredconditionals="0" methods="5" coveredmethods="0"/>
        <line num="4" count="1" type="stmt"/>
        <line num="5" count="0" type="stmt"/>
        <line num="6" count="0" type="stmt"/>
        <line num="7" count="0" type="stmt"/>
        <line num="9" count="0" type="stmt"/>
        <line num="10" count="0" type="stmt"/>
      </file>
    </package>
    <package name="components">
      <metrics statements="1" coveredstatements="1" conditionals="0" coveredconditionals="0" methods="1" coveredmethods="1"/>
      <file name="Header.tsx" path="/Users/kiran/Developer/test/Claros-Analytics-Frontend/src/components/Header.tsx">
        <metrics statements="1" coveredstatements="1" conditionals="0" coveredconditionals="0" methods="1" coveredmethods="1"/>
        <line num="6" count="19" type="stmt"/>
      </file>
    </package>
    <package name="components.common">
      <metrics statements="28" coveredstatements="11" conditionals="30" coveredconditionals="10" methods="10" coveredmethods="5"/>
      <file name="ConfirmDialog.tsx" path="/Users/kiran/Developer/test/Claros-Analytics-Frontend/src/components/common/ConfirmDialog.tsx">
        <metrics statements="13" coveredstatements="0" conditionals="16" coveredconditionals="0" methods="4" coveredmethods="0"/>
        <line num="27" count="0" type="stmt"/>
        <line num="28" count="0" type="stmt"/>
        <line num="29" count="0" type="cond" truecount="0" falsecount="4"/>
        <line num="32" count="0" type="cond" truecount="0" falsecount="2"/>
        <line num="33" count="0" type="stmt"/>
        <line num="34" count="0" type="stmt"/>
        <line num="37" count="0" type="stmt"/>
        <line num="38" count="0" type="stmt"/>
        <line num="39" count="0" type="stmt"/>
        <line num="43" count="0" type="cond" truecount="0" falsecount="2"/>
        <line num="45" count="0" type="stmt"/>
        <line num="60" count="0" type="stmt"/>
        <line num="62" count="0" type="stmt"/>
      </file>
      <file name="ErrorMessage.tsx" path="/Users/kiran/Developer/test/Claros-Analytics-Frontend/src/components/common/ErrorMessage.tsx">
        <metrics statements="1" coveredstatements="1" conditionals="4" coveredconditionals="4" methods="1" coveredmethods="1"/>
        <line num="10" count="1" type="stmt"/>
      </file>
      <file name="LoadingSpinner.tsx" path="/Users/kiran/Developer/test/Claros-Analytics-Frontend/src/components/common/LoadingSpinner.tsx">
        <metrics statements="2" coveredstatements="2" conditionals="3" coveredconditionals="3" methods="1" coveredmethods="1"/>
        <line num="7" count="8" type="stmt"/>
        <line num="13" count="8" type="stmt"/>
      </file>
      <file name="Modal.tsx" path="/Users/kiran/Developer/test/Claros-Analytics-Frontend/src/components/common/Modal.tsx">
        <metrics statements="12" coveredstatements="8" conditionals="7" coveredconditionals="3" methods="4" coveredmethods="3"/>
        <line num="20" count="19" type="stmt"/>
        <line num="26" count="19" type="stmt"/>
        <line num="27" count="19" type="stmt"/>
        <line num="28" count="0" type="cond" truecount="0" falsecount="2"/>
        <line num="31" count="19" type="cond" truecount="1" falsecount="1"/>
        <line num="32" count="0" type="stmt"/>
        <line num="33" count="0" type="stmt"/>
        <line num="36" count="19" type="stmt"/>
        <line num="37" count="19" type="stmt"/>
        <line num="38" count="19" type="stmt"/>
        <line num="42" count="19" type="cond" truecount="1" falsecount="1"/>
        <line num="44" count="0" type="stmt"/>
      </file>
      <file name="index.ts" path="/Users/kiran/Developer/test/Claros-Analytics-Frontend/src/components/common/index.ts">
        <metrics statements="0" coveredstatements="0" conditionals="0" coveredconditionals="0" methods="0" coveredmethods="0"/>
      </file>
    </package>
    <package name="components.dashboard">
      <metrics statements="154" coveredstatements="144" conditionals="140" coveredconditionals="124" methods="50" coveredmethods="45"/>
      <file name="ActivityTable.tsx" path="/Users/kiran/Developer/test/Claros-Analytics-Frontend/src/components/dashboard/ActivityTable.tsx">
        <metrics statements="46" coveredstatements="39" conditionals="44" coveredconditionals="34" methods="13" coveredmethods="10"/>
        <line num="29" count="14" type="stmt"/>
        <line num="30" count="14" type="stmt"/>
        <line num="32" count="14" type="stmt"/>
        <line num="33" count="14" type="stmt"/>
        <line num="37" count="36" type="cond" truecount="2" falsecount="0"/>
        <line num="38" count="2" type="stmt"/>
        <line num="39" count="2" type="stmt"/>
        <line num="40" count="34" type="cond" truecount="1" falsecount="1"/>
        <line num="41" count="0" type="cond" truecount="0" falsecount="2"/>
        <line num="42" count="0" type="cond" truecount="0" falsecount="2"/>
        <line num="44" count="34" type="stmt"/>
        <line num="45" count="34" type="stmt"/>
        <line num="48" count="36" type="cond" truecount="4" falsecount="0"/>
        <line num="49" count="11" type="cond" truecount="3" falsecount="1"/>
        <line num="50" count="0" type="stmt"/>
        <line num="54" count="14" type="stmt"/>
        <line num="55" count="3" type="cond" truecount="2" falsecount="0"/>
        <line num="56" count="2" type="cond" truecount="2" falsecount="0"/>
        <line num="58" count="1" type="stmt"/>
        <line num="59" count="1" type="stmt"/>
        <line num="63" count="14" type="stmt"/>
        <line num="64" count="70" type="cond" truecount="2" falsecount="0"/>
        <line num="65" count="56" type="stmt"/>
        <line num="67" count="14" type="cond" truecount="2" falsecount="0"/>
        <line num="74" count="14" type="stmt"/>
        <line num="75" count="37" type="cond" truecount="2" falsecount="0"/>
        <line num="76" count="13" type="stmt"/>
        <line num="81" count="24" type="cond" truecount="2" falsecount="0"/>
        <line num="82" count="24" type="stmt"/>
        <line num="87" count="12" type="cond" truecount="1" falsecount="1"/>
        <line num="88" count="12" type="stmt"/>
        <line num="93" count="0" type="stmt"/>
        <line num="96" count="14" type="stmt"/>
        <line num="127" count="1" type="stmt"/>
        <line num="139" count="2" type="stmt"/>
        <line num="148" count="0" type="stmt"/>
        <line num="157" count="0" type="stmt"/>
        <line num="166" count="0" type="stmt"/>
        <line num="178" count="37" type="cond" truecount="2" falsecount="0"/>
        <line num="182" count="37" type="stmt"/>
        <line num="183" count="37" type="cond" truecount="2" falsecount="0"/>
        <line num="184" count="24" type="stmt"/>
        <line num="185" count="13" type="cond" truecount="1" falsecount="1"/>
        <line num="186" count="13" type="stmt"/>
        <line num="187" count="13" type="stmt"/>
        <line num="190" count="37" type="stmt"/>
      </file>
      <file name="DashboardHeader.tsx" path="/Users/kiran/Developer/test/Claros-Analytics-Frontend/src/components/dashboard/DashboardHeader.tsx">
        <metrics statements="11" coveredstatements="11" conditionals="4" coveredconditionals="4" methods="4" coveredmethods="4"/>
        <line num="4" count="7" type="stmt"/>
        <line num="5" count="7" type="stmt"/>
        <line num="13" count="7" type="stmt"/>
        <line num="14" count="7" type="stmt"/>
        <line num="20" count="7" type="stmt"/>
        <line num="21" count="7" type="stmt"/>
        <line num="22" count="7" type="cond" truecount="2" falsecount="0"/>
        <line num="23" count="2" type="cond" truecount="2" falsecount="0"/>
        <line num="24" count="1" type="stmt"/>
        <line num="27" count="7" type="stmt"/>
        <line num="29" count="7" type="stmt"/>
      </file>
      <file name="DataTable.tsx" path="/Users/kiran/Developer/test/Claros-Analytics-Frontend/src/components/dashboard/DataTable.tsx">
        <metrics statements="10" coveredstatements="8" conditionals="21" coveredconditionals="18" methods="7" coveredmethods="6"/>
        <line num="26" count="10" type="stmt"/>
        <line num="27" count="8" type="stmt"/>
        <line num="28" count="8" type="cond" truecount="3" falsecount="1"/>
        <line num="29" count="8" type="stmt"/>
        <line num="31" count="0" type="stmt"/>
        <line num="35" count="10" type="stmt"/>
        <line num="42" count="60" type="stmt"/>
        <line num="65" count="4" type="stmt"/>
        <line num="67" count="0" type="stmt"/>
        <line num="73" count="24" type="stmt"/>
      </file>
      <file name="DonutChart.tsx" path="/Users/kiran/Developer/test/Claros-Analytics-Frontend/src/components/dashboard/DonutChart.tsx">
        <metrics statements="19" coveredstatements="19" conditionals="21" coveredconditionals="19" methods="8" coveredmethods="8"/>
        <line num="26" count="17" type="stmt"/>
        <line num="28" count="10" type="stmt"/>
        <line num="29" count="20" type="stmt"/>
        <line num="30" count="20" type="stmt"/>
        <line num="31" count="20" type="stmt"/>
        <line num="33" count="20" type="stmt"/>
        <line num="34" count="34" type="cond" truecount="1" falsecount="1"/>
        <line num="35" count="34" type="stmt"/>
        <line num="36" count="34" type="stmt"/>
        <line num="37" count="34" type="stmt"/>
        <line num="39" count="34" type="stmt"/>
        <line num="50" count="10" type="stmt"/>
        <line num="51" count="10" type="stmt"/>
        <line num="53" count="10" type="stmt"/>
        <line num="59" count="20" type="stmt"/>
        <line num="62" count="34" type="stmt"/>
        <line num="86" count="34" type="stmt"/>
        <line num="105" count="10" type="stmt"/>
        <line num="151" count="17" type="stmt"/>
      </file>
      <file name="Pagination.tsx" path="/Users/kiran/Developer/test/Claros-Analytics-Frontend/src/components/dashboard/Pagination.tsx">
        <metrics statements="32" coveredstatements="32" conditionals="12" coveredconditionals="12" methods="7" coveredmethods="7"/>
        <line num="20" count="14" type="stmt"/>
        <line num="21" count="14" type="stmt"/>
        <line num="23" count="14" type="stmt"/>
        <line num="24" count="13" type="stmt"/>
        <line num="25" count="13" type="stmt"/>
        <line num="27" count="13" type="cond" truecount="2" falsecount="0"/>
        <line num="28" count="1" type="stmt"/>
        <line num="29" count="3" type="stmt"/>
        <line num="32" count="12" type="cond" truecount="2" falsecount="0"/>
        <line num="33" count="6" type="stmt"/>
        <line num="34" count="24" type="stmt"/>
        <line num="36" count="6" type="stmt"/>
        <line num="37" count="6" type="stmt"/>
        <line num="38" count="6" type="cond" truecount="2" falsecount="0"/>
        <line num="39" count="2" type="stmt"/>
        <line num="40" count="2" type="stmt"/>
        <line num="41" count="2" type="stmt"/>
        <line num="42" count="8" type="stmt"/>
        <line num="45" count="4" type="stmt"/>
        <line num="46" count="4" type="stmt"/>
        <line num="47" count="4" type="stmt"/>
        <line num="48" count="12" type="stmt"/>
        <line num="50" count="4" type="stmt"/>
        <line num="51" count="4" type="stmt"/>
        <line num="55" count="13" type="stmt"/>
        <line num="58" count="14" type="cond" truecount="2" falsecount="0"/>
        <line num="60" count="13" type="stmt"/>
        <line num="67" count="1" type="stmt"/>
        <line num="86" count="1" type="stmt"/>
        <line num="94" count="79" type="cond" truecount="2" falsecount="0"/>
        <line num="97" count="1" type="stmt"/>
        <line num="114" count="1" type="stmt"/>
      </file>
      <file name="ProgressRing.tsx" path="/Users/kiran/Developer/test/Claros-Analytics-Frontend/src/components/dashboard/ProgressRing.tsx">
        <metrics statements="17" coveredstatements="17" conditionals="20" coveredconditionals="19" methods="3" coveredmethods="3"/>
        <line num="18" count="11" type="stmt"/>
        <line num="19" count="11" type="stmt"/>
        <line num="20" count="11" type="stmt"/>
        <line num="22" count="11" type="stmt"/>
        <line num="24" count="11" type="stmt"/>
        <line num="25" count="11" type="stmt"/>
        <line num="27" count="11" type="stmt"/>
        <line num="29" count="11" type="stmt"/>
        <line num="30" count="11" type="cond" truecount="2" falsecount="0"/>
        <line num="31" count="7" type="cond" truecount="2" falsecount="0"/>
        <line num="32" count="3" type="stmt"/>
        <line num="35" count="11" type="stmt"/>
        <line num="37" count="11" type="stmt"/>
        <line num="38" count="11" type="cond" truecount="2" falsecount="0"/>
        <line num="39" count="7" type="cond" truecount="2" falsecount="0"/>
        <line num="40" count="3" type="stmt"/>
        <line num="43" count="11" type="stmt"/>
      </file>
      <file name="SearchInput.tsx" path="/Users/kiran/Developer/test/Claros-Analytics-Frontend/src/components/dashboard/SearchInput.tsx">
        <metrics statements="2" coveredstatements="1" conditionals="1" coveredconditionals="1" methods="2" coveredmethods="1"/>
        <line num="14" count="19" type="stmt"/>
        <line num="24" count="0" type="stmt"/>
      </file>
      <file name="SimpleBarChart.tsx" path="/Users/kiran/Developer/test/Claros-Analytics-Frontend/src/components/dashboard/SimpleBarChart.tsx">
        <metrics statements="14" coveredstatements="14" conditionals="17" coveredconditionals="17" methods="5" coveredmethods="5"/>
        <line num="16" count="2" type="stmt"/>
        <line num="40" count="2" type="stmt"/>
        <line num="41" count="45" type="cond" truecount="2" falsecount="0"/>
        <line num="42" count="34" type="cond" truecount="2" falsecount="0"/>
        <line num="43" count="25" type="cond" truecount="2" falsecount="0"/>
        <line num="44" count="16" type="stmt"/>
        <line num="54" count="12" type="stmt"/>
        <line num="55" count="47" type="stmt"/>
        <line num="56" count="12" type="stmt"/>
        <line num="57" count="47" type="stmt"/>
        <line num="59" count="12" type="stmt"/>
        <line num="71" count="45" type="stmt"/>
        <line num="72" count="45" type="stmt"/>
        <line num="73" count="45" type="stmt"/>
      </file>
      <file name="StatCard.tsx" path="/Users/kiran/Developer/test/Claros-Analytics-Frontend/src/components/dashboard/StatCard.tsx">
        <metrics statements="3" coveredstatements="3" conditionals="0" coveredconditionals="0" methods="1" coveredmethods="1"/>
        <line num="10" count="2" type="stmt"/>
        <line num="49" count="11" type="stmt"/>
        <line num="51" count="11" type="stmt"/>
      </file>
      <file name="index.ts" path="/Users/kiran/Developer/test/Claros-Analytics-Frontend/src/components/dashboard/index.ts">
        <metrics statements="0" coveredstatements="0" conditionals="0" coveredconditionals="0" methods="0" coveredmethods="0"/>
      </file>
    </package>
    <package name="hooks">
      <metrics statements="104" coveredstatements="56" conditionals="29" coveredconditionals="15" methods="53" coveredmethods="20"/>
      <file name="index.ts" path="/Users/kiran/Developer/test/Claros-Analytics-Frontend/src/hooks/index.ts">
        <metrics statements="0" coveredstatements="0" conditionals="0" coveredconditionals="0" methods="0" coveredmethods="0"/>
      </file>
      <file name="useDashboard.ts" path="/Users/kiran/Developer/test/Claros-Analytics-Frontend/src/hooks/useDashboard.ts">
        <metrics statements="74" coveredstatements="48" conditionals="24" coveredconditionals="14" methods="38" coveredmethods="17"/>
        <line num="22" count="19" type="stmt"/>
        <line num="23" count="75" type="stmt"/>
        <line num="30" count="75" type="stmt"/>
        <line num="36" count="75" type="stmt"/>
        <line num="37" count="75" type="stmt"/>
        <line num="39" count="19" type="stmt"/>
        <line num="40" count="19" type="stmt"/>
        <line num="41" count="19" type="stmt"/>
        <line num="43" count="19" type="stmt"/>
        <line num="44" count="7" type="cond" truecount="2" falsecount="0"/>
        <line num="45" count="5" type="stmt"/>
        <line num="47" count="7" type="cond" truecount="1" falsecount="1"/>
        <line num="48" count="7" type="stmt"/>
        <line num="50" count="7" type="cond" truecount="1" falsecount="1"/>
        <line num="51" count="7" type="stmt"/>
        <line num="53" count="7" type="cond" truecount="1" falsecount="1"/>
        <line num="54" count="7" type="stmt"/>
        <line num="58" count="19" type="stmt"/>
        <line num="60" count="8" type="stmt"/>
        <line num="62" count="2" type="cond" truecount="1" falsecount="2"/>
        <line num="69" count="19" type="stmt"/>
        <line num="71" count="10" type="stmt"/>
        <line num="73" count="0" type="cond" truecount="0" falsecount="2"/>
        <line num="79" count="19" type="stmt"/>
        <line num="81" count="10" type="stmt"/>
        <line num="83" count="0" type="cond" truecount="0" falsecount="3"/>
        <line num="91" count="19" type="stmt"/>
        <line num="92" count="10" type="stmt"/>
        <line num="93" count="10" type="stmt"/>
        <line num="103" count="19" type="stmt"/>
        <line num="104" count="10" type="stmt"/>
        <line num="106" count="0" type="stmt"/>
        <line num="108" count="10" type="stmt"/>
        <line num="112" count="19" type="stmt"/>
        <line num="113" count="10" type="stmt"/>
        <line num="114" count="2" type="stmt"/>
        <line num="115" count="2" type="stmt"/>
        <line num="117" count="0" type="stmt"/>
        <line num="121" count="10" type="stmt"/>
        <line num="125" count="19" type="stmt"/>
        <line num="126" count="10" type="stmt"/>
        <line num="127" count="2" type="stmt"/>
        <line num="128" count="2" type="stmt"/>
        <line num="132" count="0" type="stmt"/>
        <line num="134" count="0" type="stmt"/>
        <line num="135" count="0" type="stmt"/>
        <line num="138" count="0" type="stmt"/>
        <line num="143" count="19" type="stmt"/>
        <line num="145" count="0" type="stmt"/>
        <line num="150" count="19" type="stmt"/>
        <line num="152" count="0" type="stmt"/>
        <line num="157" count="19" type="stmt"/>
        <line num="159" count="0" type="stmt"/>
        <line num="164" count="19" type="stmt"/>
        <line num="165" count="0" type="stmt"/>
        <line num="166" count="0" type="stmt"/>
        <line num="167" count="0" type="stmt"/>
        <line num="168" count="0" type="stmt"/>
        <line num="171" count="19" type="stmt"/>
        <line num="172" count="0" type="stmt"/>
        <line num="173" count="0" type="stmt"/>
        <line num="174" count="0" type="stmt"/>
        <line num="175" count="0" type="stmt"/>
        <line num="176" count="0" type="stmt"/>
        <line num="177" count="0" type="stmt"/>
        <line num="178" count="0" type="stmt"/>
        <line num="179" count="0" type="stmt"/>
        <line num="182" count="19" type="stmt"/>
        <line num="184" count="0" type="stmt"/>
        <line num="189" count="19" type="stmt"/>
        <line num="191" count="0" type="stmt"/>
        <line num="196" count="19" type="stmt"/>
        <line num="198" count="0" type="stmt"/>
        <line num="203" count="19" type="stmt"/>
      </file>
      <file name="useDebounce.ts" path="/Users/kiran/Developer/test/Claros-Analytics-Frontend/src/hooks/useDebounce.ts">
        <metrics statements="7" coveredstatements="6" conditionals="1" coveredconditionals="1" methods="4" coveredmethods="3"/>
        <line num="4" count="57" type="stmt"/>
        <line num="6" count="57" type="stmt"/>
        <line num="7" count="15" type="stmt"/>
        <line num="8" count="0" type="stmt"/>
        <line num="11" count="15" type="stmt"/>
        <line num="12" count="15" type="stmt"/>
        <line num="16" count="57" type="stmt"/>
      </file>
      <file name="usePosts.ts" path="/Users/kiran/Developer/test/Claros-Analytics-Frontend/src/hooks/usePosts.ts">
        <metrics statements="21" coveredstatements="0" conditionals="4" coveredconditionals="0" methods="11" coveredmethods="0"/>
        <line num="11" count="0" type="stmt"/>
        <line num="12" count="0" type="stmt"/>
        <line num="13" count="0" type="stmt"/>
        <line num="15" count="0" type="stmt"/>
        <line num="17" count="0" type="stmt"/>
        <line num="19" count="0" type="stmt"/>
        <line num="20" count="0" type="stmt"/>
        <line num="23" count="0" type="stmt"/>
        <line num="25" count="0" type="stmt"/>
        <line num="27" count="0" type="cond" truecount="0" falsecount="2"/>
        <line num="35" count="0" type="stmt"/>
        <line num="37" count="0" type="stmt"/>
        <line num="38" count="0" type="cond" truecount="0" falsecount="2"/>
        <line num="43" count="0" type="stmt"/>
        <line num="45" count="0" type="stmt"/>
        <line num="50" count="0" type="stmt"/>
        <line num="51" count="0" type="stmt"/>
        <line num="54" count="0" type="stmt"/>
        <line num="55" count="0" type="stmt"/>
        <line num="56" count="0" type="stmt"/>
        <line num="59" count="0" type="stmt"/>
      </file>
      <file name="useStore.ts" path="/Users/kiran/Developer/test/Claros-Analytics-Frontend/src/hooks/useStore.ts">
        <metrics statements="2" coveredstatements="2" conditionals="0" coveredconditionals="0" methods="0" coveredmethods="0"/>
        <line num="4" count="1" type="stmt"/>
        <line num="5" count="1" type="stmt"/>
      </file>
    </package>
    <package name="pages">
      <metrics statements="9" coveredstatements="8" conditionals="9" coveredconditionals="8" methods="6" coveredmethods="5"/>
      <file name="Users.tsx" path="/Users/kiran/Developer/test/Claros-Analytics-Frontend/src/pages/Users.tsx">
        <metrics statements="9" coveredstatements="8" conditionals="9" coveredconditionals="8" methods="6" coveredmethods="5"/>
        <line num="25" count="19" type="stmt"/>
        <line num="27" count="19" type="stmt"/>
        <line num="29" count="19" type="stmt"/>
        <line num="34" count="4" type="stmt"/>
        <line num="41" count="4" type="stmt"/>
        <line num="50" count="4" type="stmt"/>
        <line num="56" count="4" type="stmt"/>
        <line num="61" count="19" type="stmt"/>
        <line num="106" count="0" type="stmt"/>
      </file>
    </package>
    <package name="store.slices">
      <metrics statements="157" coveredstatements="63" conditionals="30" coveredconditionals="1" methods="77" coveredmethods="21"/>
      <file name="commentSlice.ts" path="/Users/kiran/Developer/test/Claros-Analytics-Frontend/src/store/slices/commentSlice.ts">
        <metrics statements="15" coveredstatements="11" conditionals="2" coveredconditionals="0" methods="7" coveredmethods="4"/>
        <line num="12" count="1" type="stmt"/>
        <line num="19" count="1" type="stmt"/>
        <line num="22" count="7" type="stmt"/>
        <line num="23" count="7" type="stmt"/>
        <line num="27" count="1" type="stmt"/>
        <line num="32" count="0" type="stmt"/>
        <line num="35" count="0" type="stmt"/>
        <line num="39" count="1" type="stmt"/>
        <line num="41" count="7" type="stmt"/>
        <line num="42" count="7" type="stmt"/>
        <line num="45" count="7" type="stmt"/>
        <line num="46" count="7" type="stmt"/>
        <line num="49" count="0" type="stmt"/>
        <line num="50" count="0" type="cond" truecount="0" falsecount="2"/>
        <line num="55" count="1" type="stmt"/>
      </file>
      <file name="postSlice.ts" path="/Users/kiran/Developer/test/Claros-Analytics-Frontend/src/store/slices/postSlice.ts">
        <metrics statements="54" coveredstatements="15" conditionals="12" coveredconditionals="0" methods="26" coveredmethods="4"/>
        <line num="14" count="1" type="stmt"/>
        <line num="23" count="1" type="stmt"/>
        <line num="24" count="7" type="stmt"/>
        <line num="25" count="7" type="stmt"/>
        <line num="28" count="1" type="stmt"/>
        <line num="29" count="0" type="stmt"/>
        <line num="30" count="0" type="stmt"/>
        <line num="33" count="1" type="stmt"/>
        <line num="36" count="0" type="stmt"/>
        <line num="37" count="0" type="stmt"/>
        <line num="41" count="1" type="stmt"/>
        <line num="44" count="0" type="stmt"/>
        <line num="45" count="0" type="stmt"/>
        <line num="49" count="1" type="stmt"/>
        <line num="50" count="0" type="stmt"/>
        <line num="51" count="0" type="stmt"/>
        <line num="54" count="1" type="stmt"/>
        <line num="59" count="0" type="stmt"/>
        <line num="62" count="0" type="stmt"/>
        <line num="65" count="0" type="stmt"/>
        <line num="69" count="1" type="stmt"/>
        <line num="71" count="7" type="stmt"/>
        <line num="72" count="7" type="stmt"/>
        <line num="75" count="7" type="stmt"/>
        <line num="76" count="7" type="stmt"/>
        <line num="79" count="0" type="stmt"/>
        <line num="80" count="0" type="cond" truecount="0" falsecount="2"/>
        <line num="83" count="0" type="stmt"/>
        <line num="84" count="0" type="stmt"/>
        <line num="87" count="0" type="stmt"/>
        <line num="88" count="0" type="stmt"/>
        <line num="91" count="0" type="stmt"/>
        <line num="92" count="0" type="cond" truecount="0" falsecount="2"/>
        <line num="95" count="0" type="stmt"/>
        <line num="96" count="0" type="stmt"/>
        <line num="99" count="0" type="stmt"/>
        <line num="100" count="0" type="stmt"/>
        <line num="103" count="0" type="stmt"/>
        <line num="104" count="0" type="cond" truecount="0" falsecount="2"/>
        <line num="107" count="0" type="stmt"/>
        <line num="108" count="0" type="stmt"/>
        <line num="111" count="0" type="stmt"/>
        <line num="112" count="0" type="stmt"/>
        <line num="113" count="0" type="cond" truecount="0" falsecount="2"/>
        <line num="114" count="0" type="stmt"/>
        <line num="118" count="0" type="stmt"/>
        <line num="119" count="0" type="cond" truecount="0" falsecount="2"/>
        <line num="122" count="0" type="stmt"/>
        <line num="123" count="0" type="stmt"/>
        <line num="126" count="0" type="stmt"/>
        <line num="127" count="0" type="stmt"/>
        <line num="130" count="0" type="stmt"/>
        <line num="131" count="0" type="cond" truecount="0" falsecount="2"/>
        <line num="136" count="1" type="stmt"/>
      </file>
      <file name="todoSlice.ts" path="/Users/kiran/Developer/test/Claros-Analytics-Frontend/src/store/slices/todoSlice.ts">
        <metrics statements="45" coveredstatements="14" conditionals="10" coveredconditionals="0" methods="22" coveredmethods="4"/>
        <line num="16" count="1" type="stmt"/>
        <line num="25" count="1" type="stmt"/>
        <line num="26" count="7" type="stmt"/>
        <line num="27" count="7" type="stmt"/>
        <line num="30" count="1" type="stmt"/>
        <line num="33" count="0" type="stmt"/>
        <line num="34" count="0" type="stmt"/>
        <line num="38" count="1" type="stmt"/>
        <line num="41" count="0" type="stmt"/>
        <line num="42" count="0" type="stmt"/>
        <line num="46" count="1" type="stmt"/>
        <line num="47" count="0" type="stmt"/>
        <line num="48" count="0" type="stmt"/>
        <line num="51" count="1" type="stmt"/>
        <line num="56" count="0" type="stmt"/>
        <line num="59" count="0" type="stmt"/>
        <line num="62" count="0" type="stmt"/>
        <line num="66" count="1" type="stmt"/>
        <line num="68" count="7" type="stmt"/>
        <line num="69" count="7" type="stmt"/>
        <line num="72" count="7" type="stmt"/>
        <line num="73" count="7" type="stmt"/>
        <line num="76" count="0" type="stmt"/>
        <line num="77" count="0" type="cond" truecount="0" falsecount="2"/>
        <line num="80" count="0" type="stmt"/>
        <line num="81" count="0" type="stmt"/>
        <line num="84" count="0" type="stmt"/>
        <line num="85" count="0" type="stmt"/>
        <line num="88" count="0" type="stmt"/>
        <line num="89" count="0" type="cond" truecount="0" falsecount="2"/>
        <line num="92" count="0" type="stmt"/>
        <line num="93" count="0" type="stmt"/>
        <line num="96" count="0" type="stmt"/>
        <line num="97" count="0" type="stmt"/>
        <line num="98" count="0" type="cond" truecount="0" falsecount="2"/>
        <line num="99" count="0" type="stmt"/>
        <line num="103" count="0" type="stmt"/>
        <line num="104" count="0" type="cond" truecount="0" falsecount="2"/>
        <line num="107" count="0" type="stmt"/>
        <line num="108" count="0" type="stmt"/>
        <line num="111" count="0" type="stmt"/>
        <line num="112" count="0" type="stmt"/>
        <line num="115" count="0" type="stmt"/>
        <line num="116" count="0" type="cond" truecount="0" falsecount="2"/>
        <line num="121" count="1" type="stmt"/>
      </file>
      <file name="userSlice.ts" path="/Users/kiran/Developer/test/Claros-Analytics-Frontend/src/store/slices/userSlice.ts">
        <metrics statements="43" coveredstatements="23" conditionals="6" coveredconditionals="1" methods="22" coveredmethods="9"/>
        <line num="15" count="2" type="stmt"/>
        <line num="25" count="2" type="stmt"/>
        <line num="26" count="5" type="stmt"/>
        <line num="27" count="3" type="stmt"/>
        <line num="30" count="2" type="stmt"/>
        <line num="31" count="0" type="stmt"/>
        <line num="32" count="0" type="stmt"/>
        <line num="35" count="2" type="stmt"/>
        <line num="38" count="0" type="stmt"/>
        <line num="39" count="0" type="stmt"/>
        <line num="43" count="2" type="stmt"/>
        <line num="46" count="0" type="stmt"/>
        <line num="47" count="0" type="stmt"/>
        <line num="51" count="2" type="stmt"/>
        <line num="52" count="0" type="stmt"/>
        <line num="53" count="0" type="stmt"/>
        <line num="56" count="2" type="stmt"/>
        <line num="61" count="0" type="stmt"/>
        <line num="64" count="1" type="stmt"/>
        <line num="67" count="2" type="stmt"/>
        <line num="68" count="2" type="stmt"/>
        <line num="71" count="1" type="stmt"/>
        <line num="74" count="1" type="stmt"/>
        <line num="75" count="1" type="stmt"/>
        <line num="79" count="2" type="stmt"/>
        <line num="81" count="5" type="stmt"/>
        <line num="82" count="5" type="stmt"/>
        <line num="85" count="3" type="stmt"/>
        <line num="86" count="3" type="stmt"/>
        <line num="89" count="1" type="stmt"/>
        <line num="90" count="1" type="cond" truecount="1" falsecount="1"/>
        <line num="93" count="0" type="stmt"/>
        <line num="94" count="0" type="stmt"/>
        <line num="97" count="0" type="stmt"/>
        <line num="98" count="0" type="stmt"/>
        <line num="101" count="0" type="stmt"/>
        <line num="102" count="0" type="cond" truecount="0" falsecount="2"/>
        <line num="105" count="0" type="stmt"/>
        <line num="108" count="0" type="stmt"/>
        <line num="109" count="0" type="cond" truecount="0" falsecount="2"/>
        <line num="110" count="0" type="stmt"/>
        <line num="114" count="0" type="stmt"/>
        <line num="119" count="2" type="stmt"/>
      </file>
    </package>
    <package name="test">
      <metrics statements="1" coveredstatements="1" conditionals="0" coveredconditionals="0" methods="1" coveredmethods="1"/>
      <file name="test-utils.tsx" path="/Users/kiran/Developer/test/Claros-Analytics-Frontend/src/test/test-utils.tsx">
        <metrics statements="1" coveredstatements="1" conditionals="0" coveredconditionals="0" methods="1" coveredmethods="1"/>
        <line num="12" count="76" type="stmt"/>
      </file>
    </package>
    <package name="test.mocks">
      <metrics statements="14" coveredstatements="7" conditionals="9" coveredconditionals="3" methods="9" coveredmethods="2"/>
      <file name="dashboard.ts" path="/Users/kiran/Developer/test/Claros-Analytics-Frontend/src/test/mocks/dashboard.ts">
        <metrics statements="14" coveredstatements="7" conditionals="9" coveredconditionals="3" methods="9" coveredmethods="2"/>
        <line num="46" count="4" type="stmt"/>
        <line num="51" count="1" type="cond" truecount="1" falsecount="1"/>
        <line num="52" count="1" type="stmt"/>
        <line num="68" count="0" type="stmt"/>
        <line num="69" count="0" type="cond" truecount="0" falsecount="2"/>
        <line num="76" count="0" type="stmt"/>
        <line num="83" count="0" type="stmt"/>
        <line num="89" count="0" type="stmt"/>
        <line num="93" count="0" type="stmt"/>
        <line num="99" count="14" type="stmt"/>
        <line num="117" count="4" type="stmt"/>
        <line num="150" count="4" type="stmt"/>
        <line num="161" count="4" type="stmt"/>
        <line num="174" count="0" type="stmt"/>
      </file>
    </package>
  </project>
</coverage>
