{"/Users/kiran/Developer/test/Claros-Analytics-Frontend/src/api/axios.ts": {"path":"/Users/kiran/Developer/test/Claros-Analytics-Frontend/src/api/axios.ts","statementMap":{"0":{"start":{"line":3,"column":12},"end":{"line":8,"column":null}}},"fnMap":{},"branchMap":{},"s":{"0":1},"f":{},"b":{},"meta":{"lastBranch":0,"lastFunction":0,"lastStatement":1,"seen":{"s:3:12:8:Infinity":0}}}
,"/Users/kiran/Developer/test/Claros-Analytics-Frontend/src/api/userApi.ts": {"path":"/Users/kiran/Developer/test/Claros-Analytics-Frontend/src/api/userApi.ts","statementMap":{"0":{"start":{"line":4,"column":23},"end":{"line":11,"column":null}},"1":{"start":{"line":5,"column":16},"end":{"line":5,"column":null}},"2":{"start":{"line":6,"column":27},"end":{"line":6,"column":null}},"3":{"start":{"line":7,"column":38},"end":{"line":7,"column":null}},"4":{"start":{"line":9,"column":4},"end":{"line":9,"column":null}},"5":{"start":{"line":10,"column":26},"end":{"line":10,"column":null}}},"fnMap":{"0":{"name":"(anonymous_0)","decl":{"start":{"line":5,"column":10},"end":{"line":5,"column":16}},"loc":{"start":{"line":5,"column":16},"end":{"line":5,"column":null}},"line":5},"1":{"name":"(anonymous_1)","decl":{"start":{"line":6,"column":11},"end":{"line":6,"column":12}},"loc":{"start":{"line":6,"column":27},"end":{"line":6,"column":null}},"line":6},"2":{"name":"(anonymous_2)","decl":{"start":{"line":7,"column":10},"end":{"line":7,"column":11}},"loc":{"start":{"line":7,"column":38},"end":{"line":7,"column":null}},"line":7},"3":{"name":"(anonymous_3)","decl":{"start":{"line":8,"column":10},"end":{"line":8,"column":11}},"loc":{"start":{"line":9,"column":4},"end":{"line":9,"column":null}},"line":9},"4":{"name":"(anonymous_4)","decl":{"start":{"line":10,"column":10},"end":{"line":10,"column":11}},"loc":{"start":{"line":10,"column":26},"end":{"line":10,"column":null}},"line":10}},"branchMap":{},"s":{"0":1,"1":0,"2":0,"3":0,"4":0,"5":0},"f":{"0":0,"1":0,"2":0,"3":0,"4":0},"b":{},"meta":{"lastBranch":0,"lastFunction":5,"lastStatement":6,"seen":{"s:4:23:11:Infinity":0,"f:5:10:5:16":0,"s:5:16:5:Infinity":1,"f:6:11:6:12":1,"s:6:27:6:Infinity":2,"f:7:10:7:11":2,"s:7:38:7:Infinity":3,"f:8:10:8:11":3,"s:9:4:9:Infinity":4,"f:10:10:10:11":4,"s:10:26:10:Infinity":5}}}
,"/Users/kiran/Developer/test/Claros-Analytics-Frontend/src/components/Header.tsx": {"path":"/Users/kiran/Developer/test/Claros-Analytics-Frontend/src/components/Header.tsx","statementMap":{"0":{"start":{"line":6,"column":2},"end":{"line":9,"column":null}}},"fnMap":{"0":{"name":"Header","decl":{"start":{"line":5,"column":16},"end":{"line":5,"column":23}},"loc":{"start":{"line":5,"column":47},"end":{"line":11,"column":null}},"line":5}},"branchMap":{},"s":{"0":19},"f":{"0":19},"b":{},"meta":{"lastBranch":0,"lastFunction":1,"lastStatement":1,"seen":{"f:5:16:5:23":0,"s:6:2:9:Infinity":0}}}
,"/Users/kiran/Developer/test/Claros-Analytics-Frontend/src/components/common/ConfirmDialog.tsx": {"path":"/Users/kiran/Developer/test/Claros-Analytics-Frontend/src/components/common/ConfirmDialog.tsx","statementMap":{"0":{"start":{"line":27,"column":2},"end":{"line":41,"column":null}},"1":{"start":{"line":28,"column":25},"end":{"line":30,"column":null}},"2":{"start":{"line":29,"column":6},"end":{"line":29,"column":null}},"3":{"start":{"line":29,"column":44},"end":{"line":29,"column":null}},"4":{"start":{"line":32,"column":4},"end":{"line":35,"column":null}},"5":{"start":{"line":33,"column":6},"end":{"line":33,"column":null}},"6":{"start":{"line":34,"column":6},"end":{"line":34,"column":null}},"7":{"start":{"line":37,"column":4},"end":{"line":40,"column":null}},"8":{"start":{"line":38,"column":6},"end":{"line":38,"column":null}},"9":{"start":{"line":39,"column":6},"end":{"line":39,"column":null}},"10":{"start":{"line":43,"column":2},"end":{"line":43,"column":null}},"11":{"start":{"line":43,"column":15},"end":{"line":43,"column":null}},"12":{"start":{"line":45,"column":24},"end":{"line":58,"column":null}},"13":{"start":{"line":60,"column":17},"end":{"line":60,"column":null}},"14":{"start":{"line":62,"column":2},"end":{"line":136,"column":null}}},"fnMap":{"0":{"name":"ConfirmDialog","decl":{"start":{"line":16,"column":16},"end":{"line":16,"column":30}},"loc":{"start":{"line":26,"column":23},"end":{"line":138,"column":null}},"line":26},"1":{"name":"(anonymous_1)","decl":{"start":{"line":27,"column":12},"end":{"line":27,"column":18}},"loc":{"start":{"line":27,"column":18},"end":{"line":41,"column":5}},"line":27},"2":{"name":"(anonymous_2)","decl":{"start":{"line":28,"column":25},"end":{"line":28,"column":26}},"loc":{"start":{"line":28,"column":47},"end":{"line":30,"column":null}},"line":28},"3":{"name":"(anonymous_3)","decl":{"start":{"line":37,"column":11},"end":{"line":37,"column":17}},"loc":{"start":{"line":37,"column":17},"end":{"line":40,"column":null}},"line":37}},"branchMap":{"0":{"loc":{"start":{"line":22,"column":2},"end":{"line":22,"column":null}},"type":"default-arg","locations":[{"start":{"line":22,"column":16},"end":{"line":22,"column":null}}],"line":22},"1":{"loc":{"start":{"line":23,"column":2},"end":{"line":23,"column":null}},"type":"default-arg","locations":[{"start":{"line":23,"column":15},"end":{"line":23,"column":null}}],"line":23},"2":{"loc":{"start":{"line":24,"column":2},"end":{"line":24,"column":null}},"type":"default-arg","locations":[{"start":{"line":24,"column":12},"end":{"line":24,"column":null}}],"line":24},"3":{"loc":{"start":{"line":25,"column":2},"end":{"line":25,"column":null}},"type":"default-arg","locations":[{"start":{"line":25,"column":14},"end":{"line":25,"column":null}}],"line":25},"4":{"loc":{"start":{"line":29,"column":6},"end":{"line":29,"column":null}},"type":"if","locations":[{"start":{"line":29,"column":6},"end":{"line":29,"column":null}},{"start":{},"end":{}}],"line":29},"5":{"loc":{"start":{"line":29,"column":10},"end":{"line":29,"column":44}},"type":"binary-expr","locations":[{"start":{"line":29,"column":10},"end":{"line":29,"column":32}},{"start":{"line":29,"column":32},"end":{"line":29,"column":44}}],"line":29},"6":{"loc":{"start":{"line":32,"column":4},"end":{"line":35,"column":null}},"type":"if","locations":[{"start":{"line":32,"column":4},"end":{"line":35,"column":null}},{"start":{},"end":{}}],"line":32},"7":{"loc":{"start":{"line":43,"column":2},"end":{"line":43,"column":null}},"type":"if","locations":[{"start":{"line":43,"column":2},"end":{"line":43,"column":null}},{"start":{},"end":{}}],"line":43},"8":{"loc":{"start":{"line":68,"column":19},"end":{"line":68,"column":null}},"type":"cond-expr","locations":[{"start":{"line":68,"column":32},"end":{"line":68,"column":42}},{"start":{"line":68,"column":42},"end":{"line":68,"column":null}}],"line":68},"9":{"loc":{"start":{"line":108,"column":17},"end":{"line":129,"column":null}},"type":"cond-expr","locations":[{"start":{"line":109,"column":18},"end":{"line":127,"column":null}},{"start":{"line":129,"column":18},"end":{"line":129,"column":null}}],"line":108}},"s":{"0":0,"1":0,"2":0,"3":0,"4":0,"5":0,"6":0,"7":0,"8":0,"9":0,"10":0,"11":0,"12":0,"13":0,"14":0},"f":{"0":0,"1":0,"2":0,"3":0},"b":{"0":[0],"1":[0],"2":[0],"3":[0],"4":[0,0],"5":[0,0],"6":[0,0],"7":[0,0],"8":[0,0],"9":[0,0]},"meta":{"lastBranch":10,"lastFunction":4,"lastStatement":15,"seen":{"f:16:16:16:30":0,"b:22:16:22:Infinity":0,"b:23:15:23:Infinity":1,"b:24:12:24:Infinity":2,"b:25:14:25:Infinity":3,"s:27:2:41:Infinity":0,"f:27:12:27:18":1,"s:28:25:30:Infinity":1,"f:28:25:28:26":2,"b:29:6:29:Infinity:undefined:undefined:undefined:undefined":4,"s:29:6:29:Infinity":2,"b:29:10:29:32:29:32:29:44":5,"s:29:44:29:Infinity":3,"b:32:4:35:Infinity:undefined:undefined:undefined:undefined":6,"s:32:4:35:Infinity":4,"s:33:6:33:Infinity":5,"s:34:6:34:Infinity":6,"s:37:4:40:Infinity":7,"f:37:11:37:17":3,"s:38:6:38:Infinity":8,"s:39:6:39:Infinity":9,"b:43:2:43:Infinity:undefined:undefined:undefined:undefined":7,"s:43:2:43:Infinity":10,"s:43:15:43:Infinity":11,"s:45:24:58:Infinity":12,"s:60:17:60:Infinity":13,"s:62:2:136:Infinity":14,"b:68:32:68:42:68:42:68:Infinity":8,"b:109:18:127:Infinity:129:18:129:Infinity":9}}}
,"/Users/kiran/Developer/test/Claros-Analytics-Frontend/src/components/common/ErrorMessage.tsx": {"path":"/Users/kiran/Developer/test/Claros-Analytics-Frontend/src/components/common/ErrorMessage.tsx","statementMap":{"0":{"start":{"line":10,"column":2},"end":{"line":36,"column":null}}},"fnMap":{"0":{"name":"ErrorMessage","decl":{"start":{"line":9,"column":16},"end":{"line":9,"column":29}},"loc":{"start":{"line":9,"column":79},"end":{"line":38,"column":null}},"line":9}},"branchMap":{"0":{"loc":{"start":{"line":17,"column":11},"end":{"line":24,"column":null}},"type":"binary-expr","locations":[{"start":{"line":17,"column":11},"end":{"line":17,"column":null}},{"start":{"line":18,"column":12},"end":{"line":24,"column":null}}],"line":17},"1":{"loc":{"start":{"line":27,"column":9},"end":{"line":33,"column":null}},"type":"binary-expr","locations":[{"start":{"line":27,"column":9},"end":{"line":27,"column":null}},{"start":{"line":28,"column":10},"end":{"line":33,"column":null}}],"line":27}},"s":{"0":1},"f":{"0":1},"b":{"0":[1,1],"1":[1,1]},"meta":{"lastBranch":2,"lastFunction":1,"lastStatement":1,"seen":{"f:9:16:9:29":0,"s:10:2:36:Infinity":0,"b:17:11:17:Infinity:18:12:24:Infinity":0,"b:27:9:27:Infinity:28:10:33:Infinity":1}}}
,"/Users/kiran/Developer/test/Claros-Analytics-Frontend/src/components/common/LoadingSpinner.tsx": {"path":"/Users/kiran/Developer/test/Claros-Analytics-Frontend/src/components/common/LoadingSpinner.tsx","statementMap":{"0":{"start":{"line":7,"column":22},"end":{"line":11,"column":null}},"1":{"start":{"line":13,"column":2},"end":{"line":19,"column":null}}},"fnMap":{"0":{"name":"LoadingSpinner","decl":{"start":{"line":6,"column":16},"end":{"line":6,"column":31}},"loc":{"start":{"line":6,"column":75},"end":{"line":21,"column":null}},"line":6}},"branchMap":{"0":{"loc":{"start":{"line":6,"column":33},"end":{"line":6,"column":46}},"type":"default-arg","locations":[{"start":{"line":6,"column":40},"end":{"line":6,"column":46}}],"line":6},"1":{"loc":{"start":{"line":18,"column":7},"end":{"line":18,"column":null}},"type":"binary-expr","locations":[{"start":{"line":18,"column":7},"end":{"line":18,"column":15}},{"start":{"line":18,"column":15},"end":{"line":18,"column":null}}],"line":18}},"s":{"0":8,"1":8},"f":{"0":8},"b":{"0":[8],"1":[8,8]},"meta":{"lastBranch":2,"lastFunction":1,"lastStatement":2,"seen":{"f:6:16:6:31":0,"b:6:40:6:46":0,"s:7:22:11:Infinity":0,"s:13:2:19:Infinity":1,"b:18:7:18:15:18:15:18:Infinity":1}}}
,"/Users/kiran/Developer/test/Claros-Analytics-Frontend/src/components/common/Modal.tsx": {"path":"/Users/kiran/Developer/test/Claros-Analytics-Frontend/src/components/common/Modal.tsx","statementMap":{"0":{"start":{"line":20,"column":22},"end":{"line":24,"column":null}},"1":{"start":{"line":26,"column":2},"end":{"line":40,"column":null}},"2":{"start":{"line":27,"column":25},"end":{"line":29,"column":null}},"3":{"start":{"line":28,"column":6},"end":{"line":28,"column":null}},"4":{"start":{"line":28,"column":30},"end":{"line":28,"column":null}},"5":{"start":{"line":31,"column":4},"end":{"line":34,"column":null}},"6":{"start":{"line":32,"column":6},"end":{"line":32,"column":null}},"7":{"start":{"line":33,"column":6},"end":{"line":33,"column":null}},"8":{"start":{"line":36,"column":4},"end":{"line":39,"column":null}},"9":{"start":{"line":37,"column":6},"end":{"line":37,"column":null}},"10":{"start":{"line":38,"column":6},"end":{"line":38,"column":null}},"11":{"start":{"line":42,"column":2},"end":{"line":42,"column":null}},"12":{"start":{"line":42,"column":15},"end":{"line":42,"column":null}},"13":{"start":{"line":44,"column":2},"end":{"line":72,"column":null}}},"fnMap":{"0":{"name":"Modal","decl":{"start":{"line":13,"column":16},"end":{"line":13,"column":22}},"loc":{"start":{"line":19,"column":15},"end":{"line":74,"column":null}},"line":19},"1":{"name":"(anonymous_1)","decl":{"start":{"line":26,"column":12},"end":{"line":26,"column":18}},"loc":{"start":{"line":26,"column":18},"end":{"line":40,"column":5}},"line":26},"2":{"name":"(anonymous_2)","decl":{"start":{"line":27,"column":25},"end":{"line":27,"column":26}},"loc":{"start":{"line":27,"column":47},"end":{"line":29,"column":null}},"line":27},"3":{"name":"(anonymous_3)","decl":{"start":{"line":36,"column":11},"end":{"line":36,"column":17}},"loc":{"start":{"line":36,"column":17},"end":{"line":39,"column":null}},"line":36}},"branchMap":{"0":{"loc":{"start":{"line":17,"column":2},"end":{"line":17,"column":null}},"type":"default-arg","locations":[{"start":{"line":17,"column":9},"end":{"line":17,"column":null}}],"line":17},"1":{"loc":{"start":{"line":28,"column":6},"end":{"line":28,"column":null}},"type":"if","locations":[{"start":{"line":28,"column":6},"end":{"line":28,"column":null}},{"start":{},"end":{}}],"line":28},"2":{"loc":{"start":{"line":31,"column":4},"end":{"line":34,"column":null}},"type":"if","locations":[{"start":{"line":31,"column":4},"end":{"line":34,"column":null}},{"start":{},"end":{}}],"line":31},"3":{"loc":{"start":{"line":42,"column":2},"end":{"line":42,"column":null}},"type":"if","locations":[{"start":{"line":42,"column":2},"end":{"line":42,"column":null}},{"start":{},"end":{}}],"line":42}},"s":{"0":19,"1":19,"2":19,"3":0,"4":0,"5":19,"6":0,"7":0,"8":19,"9":19,"10":19,"11":19,"12":19,"13":0},"f":{"0":19,"1":19,"2":0,"3":19},"b":{"0":[19],"1":[0,0],"2":[0,19],"3":[19,0]},"meta":{"lastBranch":4,"lastFunction":4,"lastStatement":14,"seen":{"f:13:16:13:22":0,"b:17:9:17:Infinity":0,"s:20:22:24:Infinity":0,"s:26:2:40:Infinity":1,"f:26:12:26:18":1,"s:27:25:29:Infinity":2,"f:27:25:27:26":2,"b:28:6:28:Infinity:undefined:undefined:undefined:undefined":1,"s:28:6:28:Infinity":3,"s:28:30:28:Infinity":4,"b:31:4:34:Infinity:undefined:undefined:undefined:undefined":2,"s:31:4:34:Infinity":5,"s:32:6:32:Infinity":6,"s:33:6:33:Infinity":7,"s:36:4:39:Infinity":8,"f:36:11:36:17":3,"s:37:6:37:Infinity":9,"s:38:6:38:Infinity":10,"b:42:2:42:Infinity:undefined:undefined:undefined:undefined":3,"s:42:2:42:Infinity":11,"s:42:15:42:Infinity":12,"s:44:2:72:Infinity":13}}}
,"/Users/kiran/Developer/test/Claros-Analytics-Frontend/src/components/common/index.ts": {"path":"/Users/kiran/Developer/test/Claros-Analytics-Frontend/src/components/common/index.ts","statementMap":{},"fnMap":{},"branchMap":{},"s":{},"f":{},"b":{},"meta":{"lastBranch":0,"lastFunction":0,"lastStatement":0,"seen":{}}}
,"/Users/kiran/Developer/test/Claros-Analytics-Frontend/src/components/dashboard/ActivityTable.tsx": {"path":"/Users/kiran/Developer/test/Claros-Analytics-Frontend/src/components/dashboard/ActivityTable.tsx","statementMap":{"0":{"start":{"line":29,"column":28},"end":{"line":29,"column":null}},"1":{"start":{"line":30,"column":40},"end":{"line":30,"column":null}},"2":{"start":{"line":32,"column":8},"end":{"line":52,"column":null}},"3":{"start":{"line":33,"column":4},"end":{"line":51,"column":null}},"4":{"start":{"line":37,"column":6},"end":{"line":46,"column":null}},"5":{"start":{"line":38,"column":8},"end":{"line":38,"column":null}},"6":{"start":{"line":39,"column":8},"end":{"line":39,"column":null}},"7":{"start":{"line":40,"column":6},"end":{"line":46,"column":null}},"8":{"start":{"line":41,"column":8},"end":{"line":41,"column":null}},"9":{"start":{"line":42,"column":8},"end":{"line":42,"column":null}},"10":{"start":{"line":44,"column":8},"end":{"line":44,"column":null}},"11":{"start":{"line":45,"column":8},"end":{"line":45,"column":null}},"12":{"start":{"line":48,"column":6},"end":{"line":48,"column":null}},"13":{"start":{"line":48,"column":27},"end":{"line":48,"column":null}},"14":{"start":{"line":49,"column":6},"end":{"line":49,"column":null}},"15":{"start":{"line":49,"column":27},"end":{"line":49,"column":null}},"16":{"start":{"line":50,"column":6},"end":{"line":50,"column":null}},"17":{"start":{"line":54,"column":21},"end":{"line":61,"column":null}},"18":{"start":{"line":55,"column":4},"end":{"line":60,"column":null}},"19":{"start":{"line":56,"column":6},"end":{"line":56,"column":null}},"20":{"start":{"line":58,"column":6},"end":{"line":58,"column":null}},"21":{"start":{"line":59,"column":6},"end":{"line":59,"column":null}},"22":{"start":{"line":63,"column":25},"end":{"line":72,"column":null}},"23":{"start":{"line":64,"column":4},"end":{"line":66,"column":null}},"24":{"start":{"line":65,"column":6},"end":{"line":65,"column":null}},"25":{"start":{"line":67,"column":4},"end":{"line":70,"column":null}},"26":{"start":{"line":74,"column":23},"end":{"line":94,"column":null}},"27":{"start":{"line":75,"column":4},"end":{"line":79,"column":null}},"28":{"start":{"line":76,"column":6},"end":{"line":79,"column":null}},"29":{"start":{"line":81,"column":4},"end":{"line":85,"column":null}},"30":{"start":{"line":82,"column":6},"end":{"line":85,"column":null}},"31":{"start":{"line":87,"column":4},"end":{"line":91,"column":null}},"32":{"start":{"line":88,"column":6},"end":{"line":91,"column":null}},"33":{"start":{"line":93,"column":4},"end":{"line":93,"column":null}},"34":{"start":{"line":96,"column":2},"end":{"line":273,"column":null}},"35":{"start":{"line":127,"column":31},"end":{"line":127,"column":null}},"36":{"start":{"line":139,"column":31},"end":{"line":139,"column":null}},"37":{"start":{"line":148,"column":31},"end":{"line":148,"column":null}},"38":{"start":{"line":157,"column":31},"end":{"line":157,"column":null}},"39":{"start":{"line":166,"column":31},"end":{"line":166,"column":null}},"40":{"start":{"line":178,"column":16},"end":{"line":180,"column":null}},"41":{"start":{"line":182,"column":39},"end":{"line":188,"column":null}},"42":{"start":{"line":183,"column":16},"end":{"line":184,"column":null}},"43":{"start":{"line":184,"column":18},"end":{"line":184,"column":null}},"44":{"start":{"line":185,"column":16},"end":{"line":186,"column":null}},"45":{"start":{"line":186,"column":18},"end":{"line":186,"column":null}},"46":{"start":{"line":187,"column":16},"end":{"line":187,"column":null}},"47":{"start":{"line":190,"column":14},"end":{"line":262,"column":null}}},"fnMap":{"0":{"name":"ActivityTable","decl":{"start":{"line":28,"column":16},"end":{"line":28,"column":30}},"loc":{"start":{"line":28,"column":66},"end":{"line":275,"column":null}},"line":28},"1":{"name":"(anonymous_1)","decl":{"start":{"line":32,"column":35},"end":{"line":32,"column":41}},"loc":{"start":{"line":32,"column":41},"end":{"line":52,"column":5}},"line":32},"2":{"name":"(anonymous_2)","decl":{"start":{"line":33,"column":32},"end":{"line":33,"column":33}},"loc":{"start":{"line":33,"column":42},"end":{"line":51,"column":5}},"line":33},"3":{"name":"(anonymous_3)","decl":{"start":{"line":54,"column":21},"end":{"line":54,"column":22}},"loc":{"start":{"line":54,"column":39},"end":{"line":61,"column":null}},"line":54},"4":{"name":"(anonymous_4)","decl":{"start":{"line":63,"column":25},"end":{"line":63,"column":26}},"loc":{"start":{"line":63,"column":49},"end":{"line":72,"column":null}},"line":63},"5":{"name":"(anonymous_5)","decl":{"start":{"line":74,"column":23},"end":{"line":74,"column":24}},"loc":{"start":{"line":74,"column":42},"end":{"line":94,"column":null}},"line":74},"6":{"name":"(anonymous_6)","decl":{"start":{"line":127,"column":25},"end":{"line":127,"column":31}},"loc":{"start":{"line":127,"column":31},"end":{"line":127,"column":null}},"line":127},"7":{"name":"(anonymous_7)","decl":{"start":{"line":139,"column":25},"end":{"line":139,"column":31}},"loc":{"start":{"line":139,"column":31},"end":{"line":139,"column":null}},"line":139},"8":{"name":"(anonymous_8)","decl":{"start":{"line":148,"column":25},"end":{"line":148,"column":31}},"loc":{"start":{"line":148,"column":31},"end":{"line":148,"column":null}},"line":148},"9":{"name":"(anonymous_9)","decl":{"start":{"line":157,"column":25},"end":{"line":157,"column":31}},"loc":{"start":{"line":157,"column":31},"end":{"line":157,"column":null}},"line":157},"10":{"name":"(anonymous_10)","decl":{"start":{"line":166,"column":25},"end":{"line":166,"column":31}},"loc":{"start":{"line":166,"column":31},"end":{"line":166,"column":null}},"line":166},"11":{"name":"(anonymous_11)","decl":{"start":{"line":176,"column":34},"end":{"line":176,"column":35}},"loc":{"start":{"line":176,"column":55},"end":{"line":264,"column":13}},"line":176},"12":{"name":"(anonymous_12)","decl":{"start":{"line":182,"column":39},"end":{"line":182,"column":45}},"loc":{"start":{"line":182,"column":45},"end":{"line":188,"column":null}},"line":182}},"branchMap":{"0":{"loc":{"start":{"line":37,"column":6},"end":{"line":46,"column":null}},"type":"if","locations":[{"start":{"line":37,"column":6},"end":{"line":46,"column":null}},{"start":{"line":40,"column":6},"end":{"line":46,"column":null}}],"line":37},"1":{"loc":{"start":{"line":40,"column":6},"end":{"line":46,"column":null}},"type":"if","locations":[{"start":{"line":40,"column":6},"end":{"line":46,"column":null}},{"start":{"line":43,"column":13},"end":{"line":46,"column":null}}],"line":40},"2":{"loc":{"start":{"line":41,"column":17},"end":{"line":41,"column":null}},"type":"cond-expr","locations":[{"start":{"line":41,"column":31},"end":{"line":41,"column":60}},{"start":{"line":41,"column":60},"end":{"line":41,"column":null}}],"line":41},"3":{"loc":{"start":{"line":42,"column":17},"end":{"line":42,"column":null}},"type":"cond-expr","locations":[{"start":{"line":42,"column":31},"end":{"line":42,"column":60}},{"start":{"line":42,"column":60},"end":{"line":42,"column":null}}],"line":42},"4":{"loc":{"start":{"line":48,"column":6},"end":{"line":48,"column":null}},"type":"if","locations":[{"start":{"line":48,"column":6},"end":{"line":48,"column":null}},{"start":{},"end":{}}],"line":48},"5":{"loc":{"start":{"line":48,"column":34},"end":{"line":48,"column":null}},"type":"cond-expr","locations":[{"start":{"line":48,"column":60},"end":{"line":48,"column":65}},{"start":{"line":48,"column":65},"end":{"line":48,"column":null}}],"line":48},"6":{"loc":{"start":{"line":49,"column":6},"end":{"line":49,"column":null}},"type":"if","locations":[{"start":{"line":49,"column":6},"end":{"line":49,"column":null}},{"start":{},"end":{}}],"line":49},"7":{"loc":{"start":{"line":49,"column":34},"end":{"line":49,"column":null}},"type":"cond-expr","locations":[{"start":{"line":49,"column":60},"end":{"line":49,"column":64}},{"start":{"line":49,"column":64},"end":{"line":49,"column":null}}],"line":49},"8":{"loc":{"start":{"line":55,"column":4},"end":{"line":60,"column":null}},"type":"if","locations":[{"start":{"line":55,"column":4},"end":{"line":60,"column":null}},{"start":{"line":57,"column":11},"end":{"line":60,"column":null}}],"line":55},"9":{"loc":{"start":{"line":56,"column":23},"end":{"line":56,"column":63}},"type":"cond-expr","locations":[{"start":{"line":56,"column":49},"end":{"line":56,"column":58}},{"start":{"line":56,"column":58},"end":{"line":56,"column":63}}],"line":56},"10":{"loc":{"start":{"line":64,"column":4},"end":{"line":66,"column":null}},"type":"if","locations":[{"start":{"line":64,"column":4},"end":{"line":66,"column":null}},{"start":{},"end":{}}],"line":64},"11":{"loc":{"start":{"line":67,"column":11},"end":{"line":70,"column":null}},"type":"cond-expr","locations":[{"start":{"line":68,"column":6},"end":{"line":68,"column":null}},{"start":{"line":70,"column":6},"end":{"line":70,"column":null}}],"line":67},"12":{"loc":{"start":{"line":75,"column":4},"end":{"line":79,"column":null}},"type":"if","locations":[{"start":{"line":75,"column":4},"end":{"line":79,"column":null}},{"start":{},"end":{}}],"line":75},"13":{"loc":{"start":{"line":81,"column":4},"end":{"line":85,"column":null}},"type":"if","locations":[{"start":{"line":81,"column":4},"end":{"line":85,"column":null}},{"start":{},"end":{}}],"line":81},"14":{"loc":{"start":{"line":87,"column":4},"end":{"line":91,"column":null}},"type":"if","locations":[{"start":{"line":87,"column":4},"end":{"line":91,"column":null}},{"start":{},"end":{}}],"line":87},"15":{"loc":{"start":{"line":178,"column":16},"end":{"line":180,"column":null}},"type":"cond-expr","locations":[{"start":{"line":179,"column":20},"end":{"line":179,"column":null}},{"start":{"line":180,"column":20},"end":{"line":180,"column":null}}],"line":178},"16":{"loc":{"start":{"line":183,"column":16},"end":{"line":184,"column":null}},"type":"if","locations":[{"start":{"line":183,"column":16},"end":{"line":184,"column":null}},{"start":{},"end":{}}],"line":183},"17":{"loc":{"start":{"line":185,"column":16},"end":{"line":186,"column":null}},"type":"if","locations":[{"start":{"line":185,"column":16},"end":{"line":186,"column":null}},{"start":{},"end":{}}],"line":185},"18":{"loc":{"start":{"line":197,"column":23},"end":{"line":200,"column":null}},"type":"binary-expr","locations":[{"start":{"line":197,"column":23},"end":{"line":197,"column":null}},{"start":{"line":198,"column":24},"end":{"line":200,"column":null}}],"line":197},"19":{"loc":{"start":{"line":251,"column":26},"end":{"line":255,"column":null}},"type":"cond-expr","locations":[{"start":{"line":252,"column":30},"end":{"line":252,"column":null}},{"start":{"line":253,"column":30},"end":{"line":255,"column":null}}],"line":251},"20":{"loc":{"start":{"line":253,"column":30},"end":{"line":255,"column":null}},"type":"cond-expr","locations":[{"start":{"line":254,"column":30},"end":{"line":254,"column":null}},{"start":{"line":255,"column":30},"end":{"line":255,"column":null}}],"line":253},"21":{"loc":{"start":{"line":268,"column":7},"end":{"line":271,"column":null}},"type":"binary-expr","locations":[{"start":{"line":268,"column":7},"end":{"line":268,"column":null}},{"start":{"line":269,"column":8},"end":{"line":271,"column":null}}],"line":268}},"s":{"0":14,"1":14,"2":14,"3":14,"4":36,"5":2,"6":2,"7":34,"8":0,"9":0,"10":34,"11":34,"12":36,"13":25,"14":11,"15":11,"16":0,"17":14,"18":3,"19":2,"20":1,"21":1,"22":14,"23":70,"24":56,"25":14,"26":14,"27":37,"28":13,"29":24,"30":24,"31":12,"32":12,"33":0,"34":14,"35":1,"36":2,"37":0,"38":0,"39":0,"40":37,"41":37,"42":37,"43":24,"44":13,"45":13,"46":13,"47":37},"f":{"0":14,"1":14,"2":36,"3":3,"4":70,"5":37,"6":1,"7":2,"8":0,"9":0,"10":0,"11":37,"12":37},"b":{"0":[2,34],"1":[0,34],"2":[0,0],"3":[0,0],"4":[25,11],"5":[3,22],"6":[11,0],"7":[1,10],"8":[2,1],"9":[1,1],"10":[56,14],"11":[1,13],"12":[13,24],"13":[12,12],"14":[12,0],"15":[36,1],"16":[24,13],"17":[0,13],"18":[37,0],"19":[24,13],"20":[0,13],"21":[14,1]},"meta":{"lastBranch":22,"lastFunction":13,"lastStatement":48,"seen":{"f:28:16:28:30":0,"s:29:28:29:Infinity":0,"s:30:40:30:Infinity":1,"s:32:8:52:Infinity":2,"f:32:35:32:41":1,"s:33:4:51:Infinity":3,"f:33:32:33:33":2,"b:37:6:46:Infinity:40:6:46:Infinity":0,"s:37:6:46:Infinity":4,"s:38:8:38:Infinity":5,"s:39:8:39:Infinity":6,"b:40:6:46:Infinity:43:13:46:Infinity":1,"s:40:6:46:Infinity":7,"s:41:8:41:Infinity":8,"b:41:31:41:60:41:60:41:Infinity":2,"s:42:8:42:Infinity":9,"b:42:31:42:60:42:60:42:Infinity":3,"s:44:8:44:Infinity":10,"s:45:8:45:Infinity":11,"b:48:6:48:Infinity:undefined:undefined:undefined:undefined":4,"s:48:6:48:Infinity":12,"s:48:27:48:Infinity":13,"b:48:60:48:65:48:65:48:Infinity":5,"b:49:6:49:Infinity:undefined:undefined:undefined:undefined":6,"s:49:6:49:Infinity":14,"s:49:27:49:Infinity":15,"b:49:60:49:64:49:64:49:Infinity":7,"s:50:6:50:Infinity":16,"s:54:21:61:Infinity":17,"f:54:21:54:22":3,"b:55:4:60:Infinity:57:11:60:Infinity":8,"s:55:4:60:Infinity":18,"s:56:6:56:Infinity":19,"b:56:49:56:58:56:58:56:63":9,"s:58:6:58:Infinity":20,"s:59:6:59:Infinity":21,"s:63:25:72:Infinity":22,"f:63:25:63:26":4,"b:64:4:66:Infinity:undefined:undefined:undefined:undefined":10,"s:64:4:66:Infinity":23,"s:65:6:65:Infinity":24,"s:67:4:70:Infinity":25,"b:68:6:68:Infinity:70:6:70:Infinity":11,"s:74:23:94:Infinity":26,"f:74:23:74:24":5,"b:75:4:79:Infinity:undefined:undefined:undefined:undefined":12,"s:75:4:79:Infinity":27,"s:76:6:79:Infinity":28,"b:81:4:85:Infinity:undefined:undefined:undefined:undefined":13,"s:81:4:85:Infinity":29,"s:82:6:85:Infinity":30,"b:87:4:91:Infinity:undefined:undefined:undefined:undefined":14,"s:87:4:91:Infinity":31,"s:88:6:91:Infinity":32,"s:93:4:93:Infinity":33,"s:96:2:273:Infinity":34,"f:127:25:127:31":6,"s:127:31:127:Infinity":35,"f:139:25:139:31":7,"s:139:31:139:Infinity":36,"f:148:25:148:31":8,"s:148:31:148:Infinity":37,"f:157:25:157:31":9,"s:157:31:157:Infinity":38,"f:166:25:166:31":10,"s:166:31:166:Infinity":39,"f:176:34:176:35":11,"s:178:16:180:Infinity":40,"b:179:20:179:Infinity:180:20:180:Infinity":15,"s:182:39:188:Infinity":41,"f:182:39:182:45":12,"b:183:16:184:Infinity:undefined:undefined:undefined:undefined":16,"s:183:16:184:Infinity":42,"s:184:18:184:Infinity":43,"b:185:16:186:Infinity:undefined:undefined:undefined:undefined":17,"s:185:16:186:Infinity":44,"s:186:18:186:Infinity":45,"s:187:16:187:Infinity":46,"s:190:14:262:Infinity":47,"b:197:23:197:Infinity:198:24:200:Infinity":18,"b:252:30:252:Infinity:253:30:255:Infinity":19,"b:254:30:254:Infinity:255:30:255:Infinity":20,"b:268:7:268:Infinity:269:8:271:Infinity":21}}}
,"/Users/kiran/Developer/test/Claros-Analytics-Frontend/src/components/dashboard/DashboardHeader.tsx": {"path":"/Users/kiran/Developer/test/Claros-Analytics-Frontend/src/components/dashboard/DashboardHeader.tsx","statementMap":{"0":{"start":{"line":4,"column":21},"end":{"line":11,"column":null}},"1":{"start":{"line":5,"column":4},"end":{"line":10,"column":null}},"2":{"start":{"line":13,"column":21},"end":{"line":18,"column":null}},"3":{"start":{"line":14,"column":4},"end":{"line":17,"column":null}},"4":{"start":{"line":20,"column":22},"end":{"line":25,"column":null}},"5":{"start":{"line":21,"column":10},"end":{"line":21,"column":null}},"6":{"start":{"line":22,"column":4},"end":{"line":22,"column":null}},"7":{"start":{"line":22,"column":19},"end":{"line":22,"column":null}},"8":{"start":{"line":23,"column":4},"end":{"line":23,"column":null}},"9":{"start":{"line":23,"column":19},"end":{"line":23,"column":null}},"10":{"start":{"line":24,"column":4},"end":{"line":24,"column":null}},"11":{"start":{"line":27,"column":14},"end":{"line":27,"column":null}},"12":{"start":{"line":29,"column":2},"end":{"line":75,"column":null}}},"fnMap":{"0":{"name":"DashboardHeader","decl":{"start":{"line":3,"column":16},"end":{"line":3,"column":34}},"loc":{"start":{"line":3,"column":34},"end":{"line":77,"column":null}},"line":3},"1":{"name":"(anonymous_1)","decl":{"start":{"line":4,"column":21},"end":{"line":4,"column":22}},"loc":{"start":{"line":4,"column":37},"end":{"line":11,"column":null}},"line":4},"2":{"name":"(anonymous_2)","decl":{"start":{"line":13,"column":21},"end":{"line":13,"column":22}},"loc":{"start":{"line":13,"column":37},"end":{"line":18,"column":null}},"line":13},"3":{"name":"(anonymous_3)","decl":{"start":{"line":20,"column":22},"end":{"line":20,"column":28}},"loc":{"start":{"line":20,"column":28},"end":{"line":25,"column":null}},"line":20}},"branchMap":{"0":{"loc":{"start":{"line":22,"column":4},"end":{"line":22,"column":null}},"type":"if","locations":[{"start":{"line":22,"column":4},"end":{"line":22,"column":null}},{"start":{},"end":{}}],"line":22},"1":{"loc":{"start":{"line":23,"column":4},"end":{"line":23,"column":null}},"type":"if","locations":[{"start":{"line":23,"column":4},"end":{"line":23,"column":null}},{"start":{},"end":{}}],"line":23}},"s":{"0":7,"1":7,"2":7,"3":7,"4":7,"5":7,"6":7,"7":5,"8":2,"9":2,"10":1,"11":7,"12":7},"f":{"0":7,"1":7,"2":7,"3":7},"b":{"0":[5,2],"1":[1,1]},"meta":{"lastBranch":2,"lastFunction":4,"lastStatement":13,"seen":{"f:3:16:3:34":0,"s:4:21:11:Infinity":0,"f:4:21:4:22":1,"s:5:4:10:Infinity":1,"s:13:21:18:Infinity":2,"f:13:21:13:22":2,"s:14:4:17:Infinity":3,"s:20:22:25:Infinity":4,"f:20:22:20:28":3,"s:21:10:21:Infinity":5,"b:22:4:22:Infinity:undefined:undefined:undefined:undefined":0,"s:22:4:22:Infinity":6,"s:22:19:22:Infinity":7,"b:23:4:23:Infinity:undefined:undefined:undefined:undefined":1,"s:23:4:23:Infinity":8,"s:23:19:23:Infinity":9,"s:24:4:24:Infinity":10,"s:27:14:27:Infinity":11,"s:29:2:75:Infinity":12}}}
,"/Users/kiran/Developer/test/Claros-Analytics-Frontend/src/components/dashboard/DataTable.tsx": {"path":"/Users/kiran/Developer/test/Claros-Analytics-Frontend/src/components/dashboard/DataTable.tsx","statementMap":{"0":{"start":{"line":26,"column":19},"end":{"line":33,"column":null}},"1":{"start":{"line":27,"column":4},"end":{"line":32,"column":null}},"2":{"start":{"line":28,"column":6},"end":{"line":30,"column":null}},"3":{"start":{"line":29,"column":8},"end":{"line":29,"column":null}},"4":{"start":{"line":31,"column":6},"end":{"line":31,"column":null}},"5":{"start":{"line":35,"column":2},"end":{"line":94,"column":null}},"6":{"start":{"line":42,"column":16},"end":{"line":49,"column":null}},"7":{"start":{"line":65,"column":16},"end":{"line":88,"column":null}},"8":{"start":{"line":67,"column":33},"end":{"line":67,"column":null}},"9":{"start":{"line":73,"column":20},"end":{"line":86,"column":null}}},"fnMap":{"0":{"name":"DataTable","decl":{"start":{"line":19,"column":16},"end":{"line":19,"column":29}},"loc":{"start":{"line":25,"column":22},"end":{"line":96,"column":null}},"line":25},"1":{"name":"(anonymous_1)","decl":{"start":{"line":26,"column":19},"end":{"line":26,"column":20}},"loc":{"start":{"line":26,"column":54},"end":{"line":33,"column":null}},"line":26},"2":{"name":"(anonymous_2)","decl":{"start":{"line":27,"column":33},"end":{"line":27,"column":34}},"loc":{"start":{"line":27,"column":54},"end":{"line":32,"column":7}},"line":27},"3":{"name":"(anonymous_3)","decl":{"start":{"line":41,"column":27},"end":{"line":41,"column":28}},"loc":{"start":{"line":42,"column":16},"end":{"line":49,"column":null}},"line":42},"4":{"name":"(anonymous_4)","decl":{"start":{"line":64,"column":23},"end":{"line":64,"column":24}},"loc":{"start":{"line":65,"column":16},"end":{"line":88,"column":null}},"line":65},"5":{"name":"(anonymous_5)","decl":{"start":{"line":67,"column":27},"end":{"line":67,"column":33}},"loc":{"start":{"line":67,"column":33},"end":{"line":67,"column":null}},"line":67},"6":{"name":"(anonymous_6)","decl":{"start":{"line":72,"column":31},"end":{"line":72,"column":32}},"loc":{"start":{"line":73,"column":20},"end":{"line":86,"column":null}},"line":73}},"branchMap":{"0":{"loc":{"start":{"line":24,"column":2},"end":{"line":24,"column":null}},"type":"default-arg","locations":[{"start":{"line":24,"column":17},"end":{"line":24,"column":null}}],"line":24},"1":{"loc":{"start":{"line":28,"column":6},"end":{"line":30,"column":null}},"type":"if","locations":[{"start":{"line":28,"column":6},"end":{"line":30,"column":null}},{"start":{},"end":{}}],"line":28},"2":{"loc":{"start":{"line":28,"column":10},"end":{"line":28,"column":42}},"type":"binary-expr","locations":[{"start":{"line":28,"column":10},"end":{"line":28,"column":17}},{"start":{"line":28,"column":17},"end":{"line":28,"column":42}}],"line":28},"3":{"loc":{"start":{"line":45,"column":20},"end":{"line":45,"column":null}},"type":"binary-expr","locations":[{"start":{"line":45,"column":20},"end":{"line":45,"column":40}},{"start":{"line":45,"column":40},"end":{"line":45,"column":null}}],"line":45},"4":{"loc":{"start":{"line":46,"column":22},"end":{"line":46,"column":71}},"type":"cond-expr","locations":[{"start":{"line":46,"column":44},"end":{"line":46,"column":69}},{"start":{"line":46,"column":69},"end":{"line":46,"column":71}}],"line":46},"5":{"loc":{"start":{"line":54,"column":13},"end":{"line":89,"column":null}},"type":"cond-expr","locations":[{"start":{"line":55,"column":14},"end":{"line":62,"column":null}},{"start":{"line":64,"column":14},"end":{"line":89,"column":null}}],"line":54},"6":{"loc":{"start":{"line":69,"column":20},"end":{"line":69,"column":null}},"type":"cond-expr","locations":[{"start":{"line":69,"column":33},"end":{"line":69,"column":52}},{"start":{"line":69,"column":52},"end":{"line":69,"column":null}}],"line":69},"7":{"loc":{"start":{"line":75,"column":46},"end":{"line":75,"column":68}},"type":"binary-expr","locations":[{"start":{"line":75,"column":46},"end":{"line":75,"column":66}},{"start":{"line":75,"column":66},"end":{"line":75,"column":68}}],"line":75},"8":{"loc":{"start":{"line":76,"column":24},"end":{"line":76,"column":null}},"type":"cond-expr","locations":[{"start":{"line":76,"column":46},"end":{"line":76,"column":71}},{"start":{"line":76,"column":71},"end":{"line":76,"column":null}}],"line":76},"9":{"loc":{"start":{"line":79,"column":23},"end":{"line":84,"column":null}},"type":"cond-expr","locations":[{"start":{"line":80,"column":24},"end":{"line":80,"column":null}},{"start":{"line":82,"column":24},"end":{"line":84,"column":null}}],"line":79},"10":{"loc":{"start":{"line":83,"column":34},"end":{"line":83,"column":66}},"type":"binary-expr","locations":[{"start":{"line":83,"column":34},"end":{"line":83,"column":64}},{"start":{"line":83,"column":64},"end":{"line":83,"column":66}}],"line":83}},"s":{"0":10,"1":8,"2":8,"3":8,"4":0,"5":10,"6":60,"7":4,"8":0,"9":24},"f":{"0":10,"1":8,"2":8,"3":60,"4":4,"5":0,"6":24},"b":{"0":[10],"1":[8,0],"2":[8,8],"3":[60,50],"4":[40,20],"5":[6,4],"6":[4,0],"7":[24,20],"8":[16,8],"9":[16,8],"10":[8,0]},"meta":{"lastBranch":11,"lastFunction":7,"lastStatement":10,"seen":{"f:19:16:19:29":0,"b:24:17:24:Infinity":0,"s:26:19:33:Infinity":0,"f:26:19:26:20":1,"s:27:4:32:Infinity":1,"f:27:33:27:34":2,"b:28:6:30:Infinity:undefined:undefined:undefined:undefined":1,"s:28:6:30:Infinity":2,"b:28:10:28:17:28:17:28:42":2,"s:29:8:29:Infinity":3,"s:31:6:31:Infinity":4,"s:35:2:94:Infinity":5,"f:41:27:41:28":3,"s:42:16:49:Infinity":6,"b:45:20:45:40:45:40:45:Infinity":3,"b:46:44:46:69:46:69:46:71":4,"b:55:14:62:Infinity:64:14:89:Infinity":5,"f:64:23:64:24":4,"s:65:16:88:Infinity":7,"f:67:27:67:33":5,"s:67:33:67:Infinity":8,"b:69:33:69:52:69:52:69:Infinity":6,"f:72:31:72:32":6,"s:73:20:86:Infinity":9,"b:75:46:75:66:75:66:75:68":7,"b:76:46:76:71:76:71:76:Infinity":8,"b:80:24:80:Infinity:82:24:84:Infinity":9,"b:83:34:83:64:83:64:83:66":10}}}
,"/Users/kiran/Developer/test/Claros-Analytics-Frontend/src/components/dashboard/DonutChart.tsx": {"path":"/Users/kiran/Developer/test/Claros-Analytics-Frontend/src/components/dashboard/DonutChart.tsx","statementMap":{"0":{"start":{"line":26,"column":16},"end":{"line":26,"column":null}},"1":{"start":{"line":26,"column":43},"end":{"line":26,"column":61}},"2":{"start":{"line":28,"column":28},"end":{"line":48,"column":null}},"3":{"start":{"line":29,"column":10},"end":{"line":29,"column":null}},"4":{"start":{"line":30,"column":26},"end":{"line":30,"column":null}},"5":{"start":{"line":31,"column":28},"end":{"line":31,"column":null}},"6":{"start":{"line":33,"column":4},"end":{"line":47,"column":null}},"7":{"start":{"line":34,"column":25},"end":{"line":34,"column":null}},"8":{"start":{"line":35,"column":29},"end":{"line":35,"column":null}},"9":{"start":{"line":36,"column":21},"end":{"line":36,"column":null}},"10":{"start":{"line":37,"column":6},"end":{"line":37,"column":null}},"11":{"start":{"line":39,"column":6},"end":{"line":46,"column":null}},"12":{"start":{"line":50,"column":26},"end":{"line":50,"column":null}},"13":{"start":{"line":51,"column":25},"end":{"line":51,"column":null}},"14":{"start":{"line":53,"column":22},"end":{"line":102,"column":null}},"15":{"start":{"line":59,"column":4},"end":{"line":102,"column":null}},"16":{"start":{"line":62,"column":10},"end":{"line":72,"column":null}},"17":{"start":{"line":86,"column":8},"end":{"line":100,"column":null}},"18":{"start":{"line":105,"column":2},"end":{"line":164,"column":null}},"19":{"start":{"line":151,"column":12},"end":{"line":160,"column":null}}},"fnMap":{"0":{"name":"DonutChart","decl":{"start":{"line":17,"column":16},"end":{"line":17,"column":27}},"loc":{"start":{"line":25,"column":20},"end":{"line":166,"column":null}},"line":25},"1":{"name":"(anonymous_1)","decl":{"start":{"line":26,"column":28},"end":{"line":26,"column":29}},"loc":{"start":{"line":26,"column":43},"end":{"line":26,"column":61}},"line":26},"2":{"name":"(anonymous_2)","decl":{"start":{"line":28,"column":28},"end":{"line":28,"column":29}},"loc":{"start":{"line":28,"column":77},"end":{"line":48,"column":null}},"line":28},"3":{"name":"(anonymous_3)","decl":{"start":{"line":33,"column":20},"end":{"line":33,"column":21}},"loc":{"start":{"line":33,"column":30},"end":{"line":47,"column":5}},"line":33},"4":{"name":"(anonymous_4)","decl":{"start":{"line":53,"column":22},"end":{"line":53,"column":null}},"loc":{"start":{"line":59,"column":4},"end":{"line":102,"column":null}},"line":59},"5":{"name":"(anonymous_5)","decl":{"start":{"line":61,"column":18},"end":{"line":61,"column":19}},"loc":{"start":{"line":62,"column":10},"end":{"line":72,"column":null}},"line":62},"6":{"name":"(anonymous_6)","decl":{"start":{"line":85,"column":20},"end":{"line":85,"column":21}},"loc":{"start":{"line":86,"column":8},"end":{"line":100,"column":null}},"line":86},"7":{"name":"(anonymous_7)","decl":{"start":{"line":150,"column":20},"end":{"line":150,"column":21}},"loc":{"start":{"line":151,"column":12},"end":{"line":160,"column":null}},"line":151}},"branchMap":{"0":{"loc":{"start":{"line":20,"column":2},"end":{"line":20,"column":null}},"type":"default-arg","locations":[{"start":{"line":20,"column":9},"end":{"line":20,"column":null}}],"line":20},"1":{"loc":{"start":{"line":21,"column":2},"end":{"line":21,"column":null}},"type":"default-arg","locations":[{"start":{"line":21,"column":15},"end":{"line":21,"column":null}}],"line":21},"2":{"loc":{"start":{"line":22,"column":2},"end":{"line":22,"column":null}},"type":"default-arg","locations":[{"start":{"line":22,"column":16},"end":{"line":22,"column":null}}],"line":22},"3":{"loc":{"start":{"line":34,"column":25},"end":{"line":34,"column":null}},"type":"cond-expr","locations":[{"start":{"line":34,"column":38},"end":{"line":34,"column":66}},{"start":{"line":34,"column":66},"end":{"line":34,"column":null}}],"line":34},"4":{"loc":{"start":{"line":79,"column":11},"end":{"line":79,"column":null}},"type":"binary-expr","locations":[{"start":{"line":79,"column":11},"end":{"line":79,"column":35}},{"start":{"line":79,"column":24},"end":{"line":79,"column":null}}],"line":79},"5":{"loc":{"start":{"line":116,"column":13},"end":{"line":121,"column":null}},"type":"binary-expr","locations":[{"start":{"line":116,"column":13},"end":{"line":116,"column":null}},{"start":{"line":117,"column":14},"end":{"line":121,"column":null}}],"line":116},"6":{"loc":{"start":{"line":118,"column":17},"end":{"line":120,"column":null}},"type":"cond-expr","locations":[{"start":{"line":119,"column":20},"end":{"line":119,"column":null}},{"start":{"line":120,"column":20},"end":{"line":120,"column":null}}],"line":118},"7":{"loc":{"start":{"line":123,"column":13},"end":{"line":126,"column":null}},"type":"binary-expr","locations":[{"start":{"line":123,"column":13},"end":{"line":123,"column":null}},{"start":{"line":124,"column":14},"end":{"line":126,"column":null}}],"line":123},"8":{"loc":{"start":{"line":135,"column":13},"end":{"line":140,"column":null}},"type":"binary-expr","locations":[{"start":{"line":135,"column":13},"end":{"line":135,"column":null}},{"start":{"line":136,"column":14},"end":{"line":140,"column":null}}],"line":135},"9":{"loc":{"start":{"line":137,"column":17},"end":{"line":139,"column":null}},"type":"cond-expr","locations":[{"start":{"line":138,"column":20},"end":{"line":138,"column":null}},{"start":{"line":139,"column":20},"end":{"line":139,"column":null}}],"line":137},"10":{"loc":{"start":{"line":142,"column":13},"end":{"line":143,"column":null}},"type":"binary-expr","locations":[{"start":{"line":142,"column":13},"end":{"line":142,"column":null}},{"start":{"line":143,"column":14},"end":{"line":143,"column":null}}],"line":142},"11":{"loc":{"start":{"line":158,"column":17},"end":{"line":158,"column":72}},"type":"cond-expr","locations":[{"start":{"line":158,"column":29},"end":{"line":158,"column":70}},{"start":{"line":158,"column":70},"end":{"line":158,"column":72}}],"line":158}},"s":{"0":10,"1":17,"2":10,"3":20,"4":20,"5":20,"6":20,"7":34,"8":34,"9":34,"10":34,"11":34,"12":10,"13":10,"14":10,"15":20,"16":34,"17":34,"18":10,"19":17},"f":{"0":10,"1":17,"2":20,"3":34,"4":20,"5":34,"6":34,"7":17},"b":{"0":[10],"1":[10],"2":[10],"3":[34,0],"4":[20,2],"5":[10,3],"6":[2,1],"7":[10,1],"8":[10,3],"9":[2,1],"10":[10,1],"11":[17,0]},"meta":{"lastBranch":12,"lastFunction":8,"lastStatement":20,"seen":{"f:17:16:17:27":0,"b:20:9:20:Infinity":0,"b:21:15:21:Infinity":1,"b:22:16:22:Infinity":2,"s:26:16:26:Infinity":0,"f:26:28:26:29":1,"s:26:43:26:61":1,"s:28:28:48:Infinity":2,"f:28:28:28:29":2,"s:29:10:29:Infinity":3,"s:30:26:30:Infinity":4,"s:31:28:31:Infinity":5,"s:33:4:47:Infinity":6,"f:33:20:33:21":3,"s:34:25:34:Infinity":7,"b:34:38:34:66:34:66:34:Infinity":3,"s:35:29:35:Infinity":8,"s:36:21:36:Infinity":9,"s:37:6:37:Infinity":10,"s:39:6:46:Infinity":11,"s:50:26:50:Infinity":12,"s:51:25:51:Infinity":13,"s:53:22:102:Infinity":14,"f:53:22:53:Infinity":4,"s:59:4:102:Infinity":15,"f:61:18:61:19":5,"s:62:10:72:Infinity":16,"b:79:11:79:35:79:24:79:Infinity":4,"f:85:20:85:21":6,"s:86:8:100:Infinity":17,"s:105:2:164:Infinity":18,"b:116:13:116:Infinity:117:14:121:Infinity":5,"b:119:20:119:Infinity:120:20:120:Infinity":6,"b:123:13:123:Infinity:124:14:126:Infinity":7,"b:135:13:135:Infinity:136:14:140:Infinity":8,"b:138:20:138:Infinity:139:20:139:Infinity":9,"b:142:13:142:Infinity:143:14:143:Infinity":10,"f:150:20:150:21":7,"s:151:12:160:Infinity":19,"b:158:29:158:70:158:70:158:72":11}}}
,"/Users/kiran/Developer/test/Claros-Analytics-Frontend/src/components/dashboard/Pagination.tsx": {"path":"/Users/kiran/Developer/test/Claros-Analytics-Frontend/src/components/dashboard/Pagination.tsx","statementMap":{"0":{"start":{"line":20,"column":8},"end":{"line":20,"column":null}},"1":{"start":{"line":21,"column":18},"end":{"line":21,"column":null}},"2":{"start":{"line":23,"column":22},"end":{"line":56,"column":null}},"3":{"start":{"line":24,"column":39},"end":{"line":24,"column":null}},"4":{"start":{"line":25,"column":23},"end":{"line":25,"column":null}},"5":{"start":{"line":27,"column":4},"end":{"line":53,"column":null}},"6":{"start":{"line":28,"column":6},"end":{"line":30,"column":null}},"7":{"start":{"line":28,"column":19},"end":{"line":28,"column":22}},"8":{"start":{"line":29,"column":8},"end":{"line":29,"column":null}},"9":{"start":{"line":32,"column":6},"end":{"line":52,"column":null}},"10":{"start":{"line":33,"column":8},"end":{"line":35,"column":null}},"11":{"start":{"line":33,"column":21},"end":{"line":33,"column":24}},"12":{"start":{"line":34,"column":10},"end":{"line":34,"column":null}},"13":{"start":{"line":36,"column":8},"end":{"line":36,"column":null}},"14":{"start":{"line":37,"column":8},"end":{"line":37,"column":null}},"15":{"start":{"line":38,"column":6},"end":{"line":52,"column":null}},"16":{"start":{"line":39,"column":8},"end":{"line":39,"column":null}},"17":{"start":{"line":40,"column":8},"end":{"line":40,"column":null}},"18":{"start":{"line":41,"column":8},"end":{"line":43,"column":null}},"19":{"start":{"line":41,"column":21},"end":{"line":41,"column":37}},"20":{"start":{"line":42,"column":10},"end":{"line":42,"column":null}},"21":{"start":{"line":45,"column":8},"end":{"line":45,"column":null}},"22":{"start":{"line":46,"column":8},"end":{"line":46,"column":null}},"23":{"start":{"line":47,"column":8},"end":{"line":49,"column":null}},"24":{"start":{"line":47,"column":21},"end":{"line":47,"column":38}},"25":{"start":{"line":48,"column":10},"end":{"line":48,"column":null}},"26":{"start":{"line":50,"column":8},"end":{"line":50,"column":null}},"27":{"start":{"line":51,"column":8},"end":{"line":51,"column":null}},"28":{"start":{"line":55,"column":4},"end":{"line":55,"column":null}},"29":{"start":{"line":58,"column":2},"end":{"line":58,"column":null}},"30":{"start":{"line":58,"column":24},"end":{"line":58,"column":null}},"31":{"start":{"line":60,"column":2},"end":{"line":121,"column":null}},"32":{"start":{"line":67,"column":27},"end":{"line":67,"column":null}},"33":{"start":{"line":86,"column":25},"end":{"line":86,"column":null}},"34":{"start":{"line":94,"column":10},"end":{"line":109,"column":null}},"35":{"start":{"line":97,"column":29},"end":{"line":97,"column":null}},"36":{"start":{"line":114,"column":25},"end":{"line":114,"column":null}}},"fnMap":{"0":{"name":"Pagination","decl":{"start":{"line":12,"column":16},"end":{"line":12,"column":27}},"loc":{"start":{"line":19,"column":20},"end":{"line":123,"column":null}},"line":19},"1":{"name":"(anonymous_1)","decl":{"start":{"line":23,"column":22},"end":{"line":23,"column":28}},"loc":{"start":{"line":23,"column":28},"end":{"line":56,"column":null}},"line":23},"2":{"name":"(anonymous_2)","decl":{"start":{"line":67,"column":20},"end":{"line":67,"column":21}},"loc":{"start":{"line":67,"column":27},"end":{"line":67,"column":null}},"line":67},"3":{"name":"(anonymous_3)","decl":{"start":{"line":86,"column":19},"end":{"line":86,"column":25}},"loc":{"start":{"line":86,"column":25},"end":{"line":86,"column":null}},"line":86},"4":{"name":"(anonymous_4)","decl":{"start":{"line":93,"column":27},"end":{"line":93,"column":28}},"loc":{"start":{"line":94,"column":10},"end":{"line":109,"column":null}},"line":94},"5":{"name":"(anonymous_5)","decl":{"start":{"line":97,"column":23},"end":{"line":97,"column":29}},"loc":{"start":{"line":97,"column":29},"end":{"line":97,"column":null}},"line":97},"6":{"name":"(anonymous_6)","decl":{"start":{"line":114,"column":19},"end":{"line":114,"column":25}},"loc":{"start":{"line":114,"column":25},"end":{"line":114,"column":null}},"line":114}},"branchMap":{"0":{"loc":{"start":{"line":27,"column":4},"end":{"line":53,"column":null}},"type":"if","locations":[{"start":{"line":27,"column":4},"end":{"line":53,"column":null}},{"start":{"line":31,"column":11},"end":{"line":53,"column":null}}],"line":27},"1":{"loc":{"start":{"line":32,"column":6},"end":{"line":52,"column":null}},"type":"if","locations":[{"start":{"line":32,"column":6},"end":{"line":52,"column":null}},{"start":{"line":38,"column":6},"end":{"line":52,"column":null}}],"line":32},"2":{"loc":{"start":{"line":38,"column":6},"end":{"line":52,"column":null}},"type":"if","locations":[{"start":{"line":38,"column":6},"end":{"line":52,"column":null}},{"start":{"line":44,"column":13},"end":{"line":52,"column":null}}],"line":38},"3":{"loc":{"start":{"line":58,"column":2},"end":{"line":58,"column":null}},"type":"if","locations":[{"start":{"line":58,"column":2},"end":{"line":58,"column":null}},{"start":{},"end":{}}],"line":58},"4":{"loc":{"start":{"line":94,"column":10},"end":{"line":109,"column":null}},"type":"cond-expr","locations":[{"start":{"line":95,"column":12},"end":{"line":105,"column":null}},{"start":{"line":107,"column":12},"end":{"line":109,"column":null}}],"line":94},"5":{"loc":{"start":{"line":99,"column":16},"end":{"line":101,"column":null}},"type":"cond-expr","locations":[{"start":{"line":100,"column":20},"end":{"line":100,"column":null}},{"start":{"line":101,"column":20},"end":{"line":101,"column":null}}],"line":99}},"s":{"0":14,"1":14,"2":14,"3":13,"4":13,"5":13,"6":1,"7":1,"8":3,"9":12,"10":6,"11":6,"12":24,"13":6,"14":6,"15":6,"16":2,"17":2,"18":2,"19":2,"20":8,"21":4,"22":4,"23":4,"24":4,"25":12,"26":4,"27":4,"28":13,"29":14,"30":1,"31":13,"32":1,"33":1,"34":79,"35":1,"36":1},"f":{"0":14,"1":13,"2":1,"3":1,"4":79,"5":1,"6":1},"b":{"0":[1,12],"1":[6,6],"2":[2,4],"3":[1,13],"4":[63,16],"5":[13,50]},"meta":{"lastBranch":6,"lastFunction":7,"lastStatement":37,"seen":{"f:12:16:12:27":0,"s:20:8:20:Infinity":0,"s:21:18:21:Infinity":1,"s:23:22:56:Infinity":2,"f:23:22:23:28":1,"s:24:39:24:Infinity":3,"s:25:23:25:Infinity":4,"b:27:4:53:Infinity:31:11:53:Infinity":0,"s:27:4:53:Infinity":5,"s:28:6:30:Infinity":6,"s:28:19:28:22":7,"s:29:8:29:Infinity":8,"b:32:6:52:Infinity:38:6:52:Infinity":1,"s:32:6:52:Infinity":9,"s:33:8:35:Infinity":10,"s:33:21:33:24":11,"s:34:10:34:Infinity":12,"s:36:8:36:Infinity":13,"s:37:8:37:Infinity":14,"b:38:6:52:Infinity:44:13:52:Infinity":2,"s:38:6:52:Infinity":15,"s:39:8:39:Infinity":16,"s:40:8:40:Infinity":17,"s:41:8:43:Infinity":18,"s:41:21:41:37":19,"s:42:10:42:Infinity":20,"s:45:8:45:Infinity":21,"s:46:8:46:Infinity":22,"s:47:8:49:Infinity":23,"s:47:21:47:38":24,"s:48:10:48:Infinity":25,"s:50:8:50:Infinity":26,"s:51:8:51:Infinity":27,"s:55:4:55:Infinity":28,"b:58:2:58:Infinity:undefined:undefined:undefined:undefined":3,"s:58:2:58:Infinity":29,"s:58:24:58:Infinity":30,"s:60:2:121:Infinity":31,"f:67:20:67:21":2,"s:67:27:67:Infinity":32,"f:86:19:86:25":3,"s:86:25:86:Infinity":33,"f:93:27:93:28":4,"s:94:10:109:Infinity":34,"b:95:12:105:Infinity:107:12:109:Infinity":4,"f:97:23:97:29":5,"s:97:29:97:Infinity":35,"b:100:20:100:Infinity:101:20:101:Infinity":5,"f:114:19:114:25":6,"s:114:25:114:Infinity":36}}}
,"/Users/kiran/Developer/test/Claros-Analytics-Frontend/src/components/dashboard/ProgressRing.tsx": {"path":"/Users/kiran/Developer/test/Claros-Analytics-Frontend/src/components/dashboard/ProgressRing.tsx","statementMap":{"0":{"start":{"line":18,"column":31},"end":{"line":18,"column":null}},"1":{"start":{"line":19,"column":8},"end":{"line":19,"column":null}},"2":{"start":{"line":20,"column":24},"end":{"line":20,"column":null}},"3":{"start":{"line":22,"column":4},"end":{"line":22,"column":null}},"4":{"start":{"line":24,"column":8},"end":{"line":24,"column":null}},"5":{"start":{"line":25,"column":30},"end":{"line":25,"column":null}},"6":{"start":{"line":27,"column":4},"end":{"line":27,"column":null}},"7":{"start":{"line":29,"column":19},"end":{"line":33,"column":null}},"8":{"start":{"line":30,"column":4},"end":{"line":30,"column":null}},"9":{"start":{"line":30,"column":36},"end":{"line":30,"column":null}},"10":{"start":{"line":31,"column":4},"end":{"line":31,"column":null}},"11":{"start":{"line":31,"column":36},"end":{"line":31,"column":null}},"12":{"start":{"line":32,"column":4},"end":{"line":32,"column":null}},"13":{"start":{"line":35,"column":16},"end":{"line":35,"column":null}},"14":{"start":{"line":37,"column":24},"end":{"line":41,"column":null}},"15":{"start":{"line":38,"column":4},"end":{"line":38,"column":null}},"16":{"start":{"line":38,"column":36},"end":{"line":38,"column":null}},"17":{"start":{"line":39,"column":4},"end":{"line":39,"column":null}},"18":{"start":{"line":39,"column":36},"end":{"line":39,"column":null}},"19":{"start":{"line":40,"column":4},"end":{"line":40,"column":null}},"20":{"start":{"line":43,"column":2},"end":{"line":155,"column":null}}},"fnMap":{"0":{"name":"ProgressRing","decl":{"start":{"line":10,"column":16},"end":{"line":10,"column":29}},"loc":{"start":{"line":17,"column":22},"end":{"line":157,"column":null}},"line":17},"1":{"name":"(anonymous_1)","decl":{"start":{"line":29,"column":19},"end":{"line":29,"column":25}},"loc":{"start":{"line":29,"column":25},"end":{"line":33,"column":null}},"line":29},"2":{"name":"(anonymous_2)","decl":{"start":{"line":37,"column":24},"end":{"line":37,"column":30}},"loc":{"start":{"line":37,"column":30},"end":{"line":41,"column":null}},"line":37}},"branchMap":{"0":{"loc":{"start":{"line":12,"column":2},"end":{"line":12,"column":null}},"type":"default-arg","locations":[{"start":{"line":12,"column":9},"end":{"line":12,"column":null}}],"line":12},"1":{"loc":{"start":{"line":13,"column":2},"end":{"line":13,"column":null}},"type":"default-arg","locations":[{"start":{"line":13,"column":15},"end":{"line":13,"column":null}}],"line":13},"2":{"loc":{"start":{"line":14,"column":2},"end":{"line":14,"column":null}},"type":"default-arg","locations":[{"start":{"line":14,"column":16},"end":{"line":14,"column":null}}],"line":14},"3":{"loc":{"start":{"line":16,"column":2},"end":{"line":16,"column":null}},"type":"default-arg","locations":[{"start":{"line":16,"column":13},"end":{"line":16,"column":null}}],"line":16},"4":{"loc":{"start":{"line":30,"column":4},"end":{"line":30,"column":null}},"type":"if","locations":[{"start":{"line":30,"column":4},"end":{"line":30,"column":null}},{"start":{},"end":{}}],"line":30},"5":{"loc":{"start":{"line":31,"column":4},"end":{"line":31,"column":null}},"type":"if","locations":[{"start":{"line":31,"column":4},"end":{"line":31,"column":null}},{"start":{},"end":{}}],"line":31},"6":{"loc":{"start":{"line":38,"column":4},"end":{"line":38,"column":null}},"type":"if","locations":[{"start":{"line":38,"column":4},"end":{"line":38,"column":null}},{"start":{},"end":{}}],"line":38},"7":{"loc":{"start":{"line":39,"column":4},"end":{"line":39,"column":null}},"type":"if","locations":[{"start":{"line":39,"column":4},"end":{"line":39,"column":null}},{"start":{},"end":{}}],"line":39},"8":{"loc":{"start":{"line":53,"column":13},"end":{"line":60,"column":null}},"type":"binary-expr","locations":[{"start":{"line":53,"column":13},"end":{"line":53,"column":null}},{"start":{"line":54,"column":14},"end":{"line":60,"column":null}}],"line":53},"9":{"loc":{"start":{"line":84,"column":20},"end":{"line":84,"column":null}},"type":"cond-expr","locations":[{"start":{"line":84,"column":31},"end":{"line":84,"column":46}},{"start":{"line":84,"column":46},"end":{"line":84,"column":null}}],"line":84},"10":{"loc":{"start":{"line":94,"column":11},"end":{"line":95,"column":null}},"type":"binary-expr","locations":[{"start":{"line":94,"column":11},"end":{"line":94,"column":null}},{"start":{"line":95,"column":12},"end":{"line":95,"column":null}}],"line":94},"11":{"loc":{"start":{"line":150,"column":11},"end":{"line":151,"column":null}},"type":"binary-expr","locations":[{"start":{"line":150,"column":11},"end":{"line":150,"column":null}},{"start":{"line":151,"column":12},"end":{"line":151,"column":null}}],"line":150}},"s":{"0":11,"1":11,"2":11,"3":11,"4":11,"5":11,"6":11,"7":11,"8":11,"9":4,"10":7,"11":7,"12":3,"13":11,"14":11,"15":11,"16":4,"17":7,"18":4,"19":3,"20":11},"f":{"0":11,"1":11,"2":11},"b":{"0":[11],"1":[11],"2":[11],"3":[11],"4":[4,7],"5":[4,3],"6":[4,7],"7":[4,3],"8":[11,11],"9":[11,0],"10":[11,1],"11":[11,1]},"meta":{"lastBranch":12,"lastFunction":3,"lastStatement":21,"seen":{"f:10:16:10:29":0,"b:12:9:12:Infinity":0,"b:13:15:13:Infinity":1,"b:14:16:14:Infinity":2,"b:16:13:16:Infinity":3,"s:18:31:18:Infinity":0,"s:19:8:19:Infinity":1,"s:20:24:20:Infinity":2,"s:22:4:22:Infinity":3,"s:24:8:24:Infinity":4,"s:25:30:25:Infinity":5,"s:27:4:27:Infinity":6,"s:29:19:33:Infinity":7,"f:29:19:29:25":1,"b:30:4:30:Infinity:undefined:undefined:undefined:undefined":4,"s:30:4:30:Infinity":8,"s:30:36:30:Infinity":9,"b:31:4:31:Infinity:undefined:undefined:undefined:undefined":5,"s:31:4:31:Infinity":10,"s:31:36:31:Infinity":11,"s:32:4:32:Infinity":12,"s:35:16:35:Infinity":13,"s:37:24:41:Infinity":14,"f:37:24:37:30":2,"b:38:4:38:Infinity:undefined:undefined:undefined:undefined":6,"s:38:4:38:Infinity":15,"s:38:36:38:Infinity":16,"b:39:4:39:Infinity:undefined:undefined:undefined:undefined":7,"s:39:4:39:Infinity":17,"s:39:36:39:Infinity":18,"s:40:4:40:Infinity":19,"s:43:2:155:Infinity":20,"b:53:13:53:Infinity:54:14:60:Infinity":8,"b:84:31:84:46:84:46:84:Infinity":9,"b:94:11:94:Infinity:95:12:95:Infinity":10,"b:150:11:150:Infinity:151:12:151:Infinity":11}}}
,"/Users/kiran/Developer/test/Claros-Analytics-Frontend/src/components/dashboard/SearchInput.tsx": {"path":"/Users/kiran/Developer/test/Claros-Analytics-Frontend/src/components/dashboard/SearchInput.tsx","statementMap":{"0":{"start":{"line":14,"column":2},"end":{"line":27,"column":null}},"1":{"start":{"line":24,"column":25},"end":{"line":24,"column":null}}},"fnMap":{"0":{"name":"SearchInput","decl":{"start":{"line":9,"column":16},"end":{"line":9,"column":28}},"loc":{"start":{"line":13,"column":21},"end":{"line":29,"column":null}},"line":13},"1":{"name":"(anonymous_1)","decl":{"start":{"line":24,"column":18},"end":{"line":24,"column":19}},"loc":{"start":{"line":24,"column":25},"end":{"line":24,"column":null}},"line":24}},"branchMap":{"0":{"loc":{"start":{"line":12,"column":2},"end":{"line":12,"column":null}},"type":"default-arg","locations":[{"start":{"line":12,"column":16},"end":{"line":12,"column":null}}],"line":12}},"s":{"0":19,"1":0},"f":{"0":19,"1":0},"b":{"0":[19]},"meta":{"lastBranch":1,"lastFunction":2,"lastStatement":2,"seen":{"f:9:16:9:28":0,"b:12:16:12:Infinity":0,"s:14:2:27:Infinity":0,"f:24:18:24:19":1,"s:24:25:24:Infinity":1}}}
,"/Users/kiran/Developer/test/Claros-Analytics-Frontend/src/components/dashboard/SimpleBarChart.tsx": {"path":"/Users/kiran/Developer/test/Claros-Analytics-Frontend/src/components/dashboard/SimpleBarChart.tsx","statementMap":{"0":{"start":{"line":16,"column":20},"end":{"line":38,"column":null}},"1":{"start":{"line":40,"column":20},"end":{"line":45,"column":null}},"2":{"start":{"line":41,"column":2},"end":{"line":41,"column":null}},"3":{"start":{"line":41,"column":19},"end":{"line":41,"column":null}},"4":{"start":{"line":42,"column":2},"end":{"line":42,"column":null}},"5":{"start":{"line":42,"column":19},"end":{"line":42,"column":null}},"6":{"start":{"line":43,"column":2},"end":{"line":43,"column":null}},"7":{"start":{"line":43,"column":19},"end":{"line":43,"column":null}},"8":{"start":{"line":44,"column":2},"end":{"line":44,"column":null}},"9":{"start":{"line":54,"column":22},"end":{"line":54,"column":null}},"10":{"start":{"line":55,"column":19},"end":{"line":55,"column":null}},"11":{"start":{"line":55,"column":47},"end":{"line":55,"column":54}},"12":{"start":{"line":56,"column":17},"end":{"line":56,"column":null}},"13":{"start":{"line":57,"column":16},"end":{"line":57,"column":null}},"14":{"start":{"line":57,"column":40},"end":{"line":57,"column":55}},"15":{"start":{"line":59,"column":2},"end":{"line":116,"column":null}},"16":{"start":{"line":71,"column":29},"end":{"line":71,"column":null}},"17":{"start":{"line":72,"column":27},"end":{"line":72,"column":null}},"18":{"start":{"line":73,"column":10},"end":{"line":107,"column":null}}},"fnMap":{"0":{"name":"(anonymous_0)","decl":{"start":{"line":40,"column":20},"end":{"line":40,"column":21}},"loc":{"start":{"line":40,"column":39},"end":{"line":45,"column":null}},"line":40},"1":{"name":"SimpleBarChart","decl":{"start":{"line":47,"column":16},"end":{"line":47,"column":31}},"loc":{"start":{"line":53,"column":24},"end":{"line":118,"column":null}},"line":53},"2":{"name":"(anonymous_2)","decl":{"start":{"line":55,"column":40},"end":{"line":55,"column":41}},"loc":{"start":{"line":55,"column":47},"end":{"line":55,"column":54}},"line":55},"3":{"name":"(anonymous_3)","decl":{"start":{"line":57,"column":28},"end":{"line":57,"column":29}},"loc":{"start":{"line":57,"column":40},"end":{"line":57,"column":55}},"line":57},"4":{"name":"(anonymous_4)","decl":{"start":{"line":70,"column":25},"end":{"line":70,"column":26}},"loc":{"start":{"line":70,"column":42},"end":{"line":109,"column":9}},"line":70}},"branchMap":{"0":{"loc":{"start":{"line":41,"column":2},"end":{"line":41,"column":null}},"type":"if","locations":[{"start":{"line":41,"column":2},"end":{"line":41,"column":null}},{"start":{},"end":{}}],"line":41},"1":{"loc":{"start":{"line":42,"column":2},"end":{"line":42,"column":null}},"type":"if","locations":[{"start":{"line":42,"column":2},"end":{"line":42,"column":null}},{"start":{},"end":{}}],"line":42},"2":{"loc":{"start":{"line":43,"column":2},"end":{"line":43,"column":null}},"type":"if","locations":[{"start":{"line":43,"column":2},"end":{"line":43,"column":null}},{"start":{},"end":{}}],"line":43},"3":{"loc":{"start":{"line":50,"column":2},"end":{"line":50,"column":null}},"type":"default-arg","locations":[{"start":{"line":50,"column":10},"end":{"line":50,"column":null}}],"line":50},"4":{"loc":{"start":{"line":51,"column":2},"end":{"line":51,"column":null}},"type":"default-arg","locations":[{"start":{"line":51,"column":13},"end":{"line":51,"column":null}}],"line":51},"5":{"loc":{"start":{"line":52,"column":2},"end":{"line":52,"column":null}},"type":"default-arg","locations":[{"start":{"line":52,"column":10},"end":{"line":52,"column":null}}],"line":52},"6":{"loc":{"start":{"line":79,"column":17},"end":{"line":88,"column":null}},"type":"binary-expr","locations":[{"start":{"line":79,"column":17},"end":{"line":79,"column":null}},{"start":{"line":80,"column":18},"end":{"line":88,"column":null}}],"line":79},"7":{"loc":{"start":{"line":84,"column":24},"end":{"line":84,"column":78}},"type":"cond-expr","locations":[{"start":{"line":84,"column":36},"end":{"line":84,"column":51}},{"start":{"line":84,"column":51},"end":{"line":84,"column":78}}],"line":84},"8":{"loc":{"start":{"line":87,"column":21},"end":{"line":87,"column":null}},"type":"binary-expr","locations":[{"start":{"line":87,"column":21},"end":{"line":87,"column":34}},{"start":{"line":87,"column":34},"end":{"line":87,"column":null}}],"line":87},"9":{"loc":{"start":{"line":111,"column":7},"end":{"line":114,"column":null}},"type":"binary-expr","locations":[{"start":{"line":111,"column":7},"end":{"line":111,"column":null}},{"start":{"line":112,"column":8},"end":{"line":114,"column":null}}],"line":111}},"s":{"0":2,"1":2,"2":45,"3":11,"4":34,"5":34,"6":25,"7":25,"8":16,"9":12,"10":12,"11":47,"12":12,"13":12,"14":47,"15":12,"16":45,"17":45,"18":45},"f":{"0":45,"1":12,"2":47,"3":47,"4":45},"b":{"0":[11,34],"1":[9,25],"2":[9,16],"3":[12],"4":[12],"5":[12],"6":[45,45],"7":[29,16],"8":[45,16],"9":[12,1]},"meta":{"lastBranch":10,"lastFunction":5,"lastStatement":19,"seen":{"s:16:20:38:Infinity":0,"s:40:20:45:Infinity":1,"f:40:20:40:21":0,"b:41:2:41:Infinity:undefined:undefined:undefined:undefined":0,"s:41:2:41:Infinity":2,"s:41:19:41:Infinity":3,"b:42:2:42:Infinity:undefined:undefined:undefined:undefined":1,"s:42:2:42:Infinity":4,"s:42:19:42:Infinity":5,"b:43:2:43:Infinity:undefined:undefined:undefined:undefined":2,"s:43:2:43:Infinity":6,"s:43:19:43:Infinity":7,"s:44:2:44:Infinity":8,"f:47:16:47:31":1,"b:50:10:50:Infinity":3,"b:51:13:51:Infinity":4,"b:52:10:52:Infinity":5,"s:54:22:54:Infinity":9,"s:55:19:55:Infinity":10,"f:55:40:55:41":2,"s:55:47:55:54":11,"s:56:17:56:Infinity":12,"s:57:16:57:Infinity":13,"f:57:28:57:29":3,"s:57:40:57:55":14,"s:59:2:116:Infinity":15,"f:70:25:70:26":4,"s:71:29:71:Infinity":16,"s:72:27:72:Infinity":17,"s:73:10:107:Infinity":18,"b:79:17:79:Infinity:80:18:88:Infinity":6,"b:84:36:84:51:84:51:84:78":7,"b:87:21:87:34:87:34:87:Infinity":8,"b:111:7:111:Infinity:112:8:114:Infinity":9}}}
,"/Users/kiran/Developer/test/Claros-Analytics-Frontend/src/components/dashboard/StatCard.tsx": {"path":"/Users/kiran/Developer/test/Claros-Analytics-Frontend/src/components/dashboard/StatCard.tsx","statementMap":{"0":{"start":{"line":10,"column":20},"end":{"line":46,"column":null}},"1":{"start":{"line":49,"column":17},"end":{"line":49,"column":null}},"2":{"start":{"line":51,"column":2},"end":{"line":87,"column":null}}},"fnMap":{"0":{"name":"StatCard","decl":{"start":{"line":48,"column":16},"end":{"line":48,"column":25}},"loc":{"start":{"line":48,"column":71},"end":{"line":89,"column":null}},"line":48}},"branchMap":{},"s":{"0":2,"1":11,"2":11},"f":{"0":11},"b":{},"meta":{"lastBranch":0,"lastFunction":1,"lastStatement":3,"seen":{"s:10:20:46:Infinity":0,"f:48:16:48:25":0,"s:49:17:49:Infinity":1,"s:51:2:87:Infinity":2}}}
,"/Users/kiran/Developer/test/Claros-Analytics-Frontend/src/components/dashboard/index.ts": {"path":"/Users/kiran/Developer/test/Claros-Analytics-Frontend/src/components/dashboard/index.ts","statementMap":{},"fnMap":{},"branchMap":{},"s":{},"f":{},"b":{},"meta":{"lastBranch":0,"lastFunction":0,"lastStatement":0,"seen":{}}}
,"/Users/kiran/Developer/test/Claros-Analytics-Frontend/src/hooks/index.ts": {"path":"/Users/kiran/Developer/test/Claros-Analytics-Frontend/src/hooks/index.ts","statementMap":{},"fnMap":{},"branchMap":{},"s":{},"f":{},"b":{},"meta":{"lastBranch":0,"lastFunction":0,"lastStatement":0,"seen":{}}}
,"/Users/kiran/Developer/test/Claros-Analytics-Frontend/src/hooks/useDashboard.ts": {"path":"/Users/kiran/Developer/test/Claros-Analytics-Frontend/src/hooks/useDashboard.ts","statementMap":{"0":{"start":{"line":22,"column":8},"end":{"line":22,"column":null}},"1":{"start":{"line":23,"column":69},"end":{"line":23,"column":null}},"2":{"start":{"line":23,"column":99},"end":{"line":23,"column":109}},"3":{"start":{"line":30,"column":2},"end":{"line":30,"column":null}},"4":{"start":{"line":30,"column":32},"end":{"line":30,"column":42}},"5":{"start":{"line":36,"column":2},"end":{"line":36,"column":null}},"6":{"start":{"line":36,"column":32},"end":{"line":36,"column":45}},"7":{"start":{"line":37,"column":56},"end":{"line":37,"column":null}},"8":{"start":{"line":37,"column":86},"end":{"line":37,"column":96}},"9":{"start":{"line":39,"column":8},"end":{"line":39,"column":null}},"10":{"start":{"line":40,"column":8},"end":{"line":40,"column":null}},"11":{"start":{"line":41,"column":8},"end":{"line":41,"column":null}},"12":{"start":{"line":43,"column":2},"end":{"line":56,"column":null}},"13":{"start":{"line":44,"column":4},"end":{"line":46,"column":null}},"14":{"start":{"line":45,"column":6},"end":{"line":45,"column":null}},"15":{"start":{"line":47,"column":4},"end":{"line":49,"column":null}},"16":{"start":{"line":48,"column":6},"end":{"line":48,"column":null}},"17":{"start":{"line":50,"column":4},"end":{"line":52,"column":null}},"18":{"start":{"line":51,"column":6},"end":{"line":51,"column":null}},"19":{"start":{"line":53,"column":4},"end":{"line":55,"column":null}},"20":{"start":{"line":54,"column":6},"end":{"line":54,"column":null}},"21":{"start":{"line":58,"column":8},"end":{"line":67,"column":null}},"22":{"start":{"line":60,"column":6},"end":{"line":65,"column":null}},"23":{"start":{"line":62,"column":10},"end":{"line":64,"column":null}},"24":{"start":{"line":69,"column":8},"end":{"line":77,"column":null}},"25":{"start":{"line":71,"column":6},"end":{"line":75,"column":null}},"26":{"start":{"line":73,"column":10},"end":{"line":74,"column":null}},"27":{"start":{"line":79,"column":8},"end":{"line":88,"column":null}},"28":{"start":{"line":81,"column":6},"end":{"line":86,"column":null}},"29":{"start":{"line":83,"column":10},"end":{"line":85,"column":null}},"30":{"start":{"line":91,"column":8},"end":{"line":100,"column":null}},"31":{"start":{"line":92,"column":27},"end":{"line":92,"column":null}},"32":{"start":{"line":92,"column":47},"end":{"line":92,"column":58}},"33":{"start":{"line":93,"column":4},"end":{"line":99,"column":null}},"34":{"start":{"line":103,"column":8},"end":{"line":109,"column":null}},"35":{"start":{"line":104,"column":27},"end":{"line":107,"column":null}},"36":{"start":{"line":104,"column":48},"end":{"line":107,"column":6}},"37":{"start":{"line":106,"column":33},"end":{"line":106,"column":53}},"38":{"start":{"line":108,"column":4},"end":{"line":108,"column":null}},"39":{"start":{"line":108,"column":41},"end":{"line":108,"column":58}},"40":{"start":{"line":112,"column":8},"end":{"line":122,"column":null}},"41":{"start":{"line":113,"column":27},"end":{"line":120,"column":null}},"42":{"start":{"line":114,"column":24},"end":{"line":114,"column":null}},"43":{"start":{"line":114,"column":44},"end":{"line":114,"column":64}},"44":{"start":{"line":115,"column":6},"end":{"line":119,"column":null}},"45":{"start":{"line":117,"column":43},"end":{"line":117,"column":54}},"46":{"start":{"line":121,"column":4},"end":{"line":121,"column":null}},"47":{"start":{"line":121,"column":41},"end":{"line":121,"column":66}},"48":{"start":{"line":125,"column":8},"end":{"line":141,"column":null}},"49":{"start":{"line":126,"column":4},"end":{"line":140,"column":null}},"50":{"start":{"line":127,"column":24},"end":{"line":127,"column":null}},"51":{"start":{"line":127,"column":44},"end":{"line":127,"column":64}},"52":{"start":{"line":128,"column":6},"end":{"line":139,"column":null}},"53":{"start":{"line":132,"column":35},"end":{"line":132,"column":55}},"54":{"start":{"line":134,"column":23},"end":{"line":134,"column":null}},"55":{"start":{"line":134,"column":41},"end":{"line":134,"column":58}},"56":{"start":{"line":135,"column":10},"end":{"line":135,"column":null}},"57":{"start":{"line":138,"column":48},"end":{"line":138,"column":59}},"58":{"start":{"line":143,"column":8},"end":{"line":148,"column":null}},"59":{"start":{"line":145,"column":6},"end":{"line":145,"column":null}},"60":{"start":{"line":150,"column":8},"end":{"line":155,"column":null}},"61":{"start":{"line":152,"column":6},"end":{"line":152,"column":null}},"62":{"start":{"line":157,"column":8},"end":{"line":162,"column":null}},"63":{"start":{"line":159,"column":6},"end":{"line":159,"column":null}},"64":{"start":{"line":164,"column":8},"end":{"line":169,"column":null}},"65":{"start":{"line":165,"column":4},"end":{"line":165,"column":null}},"66":{"start":{"line":166,"column":4},"end":{"line":166,"column":null}},"67":{"start":{"line":167,"column":4},"end":{"line":167,"column":null}},"68":{"start":{"line":168,"column":4},"end":{"line":168,"column":null}},"69":{"start":{"line":171,"column":8},"end":{"line":180,"column":null}},"70":{"start":{"line":172,"column":4},"end":{"line":172,"column":null}},"71":{"start":{"line":173,"column":4},"end":{"line":173,"column":null}},"72":{"start":{"line":174,"column":4},"end":{"line":174,"column":null}},"73":{"start":{"line":175,"column":4},"end":{"line":175,"column":null}},"74":{"start":{"line":176,"column":4},"end":{"line":176,"column":null}},"75":{"start":{"line":177,"column":4},"end":{"line":177,"column":null}},"76":{"start":{"line":178,"column":4},"end":{"line":178,"column":null}},"77":{"start":{"line":179,"column":4},"end":{"line":179,"column":null}},"78":{"start":{"line":182,"column":8},"end":{"line":187,"column":null}},"79":{"start":{"line":184,"column":6},"end":{"line":184,"column":null}},"80":{"start":{"line":189,"column":8},"end":{"line":194,"column":null}},"81":{"start":{"line":191,"column":6},"end":{"line":191,"column":null}},"82":{"start":{"line":196,"column":8},"end":{"line":201,"column":null}},"83":{"start":{"line":198,"column":6},"end":{"line":198,"column":null}},"84":{"start":{"line":203,"column":2},"end":{"line":229,"column":null}}},"fnMap":{"0":{"name":"useDashboard","decl":{"start":{"line":21,"column":16},"end":{"line":21,"column":31}},"loc":{"start":{"line":21,"column":31},"end":{"line":230,"column":null}},"line":21},"1":{"name":"(anonymous_1)","decl":{"start":{"line":23,"column":88},"end":{"line":23,"column":89}},"loc":{"start":{"line":23,"column":99},"end":{"line":23,"column":109}},"line":23},"2":{"name":"(anonymous_2)","decl":{"start":{"line":30,"column":21},"end":{"line":30,"column":22}},"loc":{"start":{"line":30,"column":32},"end":{"line":30,"column":42}},"line":30},"3":{"name":"(anonymous_3)","decl":{"start":{"line":36,"column":21},"end":{"line":36,"column":22}},"loc":{"start":{"line":36,"column":32},"end":{"line":36,"column":45}},"line":36},"4":{"name":"(anonymous_4)","decl":{"start":{"line":37,"column":75},"end":{"line":37,"column":76}},"loc":{"start":{"line":37,"column":86},"end":{"line":37,"column":96}},"line":37},"5":{"name":"(anonymous_5)","decl":{"start":{"line":43,"column":12},"end":{"line":43,"column":18}},"loc":{"start":{"line":43,"column":18},"end":{"line":56,"column":5}},"line":43},"6":{"name":"(anonymous_6)","decl":{"start":{"line":59,"column":4},"end":{"line":59,"column":null}},"loc":{"start":{"line":60,"column":6},"end":{"line":65,"column":null}},"line":60},"7":{"name":"(anonymous_7)","decl":{"start":{"line":61,"column":8},"end":{"line":61,"column":9}},"loc":{"start":{"line":62,"column":10},"end":{"line":64,"column":null}},"line":62},"8":{"name":"(anonymous_8)","decl":{"start":{"line":70,"column":4},"end":{"line":70,"column":null}},"loc":{"start":{"line":71,"column":6},"end":{"line":75,"column":null}},"line":71},"9":{"name":"(anonymous_9)","decl":{"start":{"line":72,"column":8},"end":{"line":72,"column":9}},"loc":{"start":{"line":73,"column":10},"end":{"line":74,"column":null}},"line":73},"10":{"name":"(anonymous_10)","decl":{"start":{"line":80,"column":4},"end":{"line":80,"column":null}},"loc":{"start":{"line":81,"column":6},"end":{"line":86,"column":null}},"line":81},"11":{"name":"(anonymous_11)","decl":{"start":{"line":82,"column":8},"end":{"line":82,"column":9}},"loc":{"start":{"line":83,"column":10},"end":{"line":85,"column":null}},"line":83},"12":{"name":"(anonymous_12)","decl":{"start":{"line":91,"column":24},"end":{"line":91,"column":30}},"loc":{"start":{"line":91,"column":30},"end":{"line":100,"column":5}},"line":91},"13":{"name":"(anonymous_13)","decl":{"start":{"line":92,"column":40},"end":{"line":92,"column":41}},"loc":{"start":{"line":92,"column":47},"end":{"line":92,"column":58}},"line":92},"14":{"name":"(anonymous_14)","decl":{"start":{"line":103,"column":31},"end":{"line":103,"column":37}},"loc":{"start":{"line":103,"column":37},"end":{"line":109,"column":5}},"line":103},"15":{"name":"(anonymous_15)","decl":{"start":{"line":104,"column":37},"end":{"line":104,"column":38}},"loc":{"start":{"line":104,"column":48},"end":{"line":107,"column":6}},"line":104},"16":{"name":"(anonymous_16)","decl":{"start":{"line":106,"column":26},"end":{"line":106,"column":27}},"loc":{"start":{"line":106,"column":33},"end":{"line":106,"column":53}},"line":106},"17":{"name":"(anonymous_17)","decl":{"start":{"line":108,"column":31},"end":{"line":108,"column":32}},"loc":{"start":{"line":108,"column":41},"end":{"line":108,"column":58}},"line":108},"18":{"name":"(anonymous_18)","decl":{"start":{"line":112,"column":40},"end":{"line":112,"column":46}},"loc":{"start":{"line":112,"column":46},"end":{"line":122,"column":5}},"line":112},"19":{"name":"(anonymous_19)","decl":{"start":{"line":113,"column":37},"end":{"line":113,"column":38}},"loc":{"start":{"line":113,"column":47},"end":{"line":120,"column":5}},"line":113},"20":{"name":"(anonymous_20)","decl":{"start":{"line":114,"column":37},"end":{"line":114,"column":38}},"loc":{"start":{"line":114,"column":44},"end":{"line":114,"column":64}},"line":114},"21":{"name":"(anonymous_21)","decl":{"start":{"line":117,"column":36},"end":{"line":117,"column":37}},"loc":{"start":{"line":117,"column":43},"end":{"line":117,"column":54}},"line":117},"22":{"name":"(anonymous_22)","decl":{"start":{"line":121,"column":31},"end":{"line":121,"column":32}},"loc":{"start":{"line":121,"column":41},"end":{"line":121,"column":66}},"line":121},"23":{"name":"(anonymous_23)","decl":{"start":{"line":125,"column":33},"end":{"line":125,"column":39}},"loc":{"start":{"line":125,"column":39},"end":{"line":141,"column":5}},"line":125},"24":{"name":"(anonymous_24)","decl":{"start":{"line":126,"column":21},"end":{"line":126,"column":22}},"loc":{"start":{"line":126,"column":31},"end":{"line":140,"column":5}},"line":126},"25":{"name":"(anonymous_25)","decl":{"start":{"line":127,"column":37},"end":{"line":127,"column":38}},"loc":{"start":{"line":127,"column":44},"end":{"line":127,"column":64}},"line":127},"26":{"name":"(anonymous_26)","decl":{"start":{"line":132,"column":28},"end":{"line":132,"column":29}},"loc":{"start":{"line":132,"column":35},"end":{"line":132,"column":55}},"line":132},"27":{"name":"(anonymous_27)","decl":{"start":{"line":133,"column":34},"end":{"line":133,"column":35}},"loc":{"start":{"line":133,"column":41},"end":{"line":136,"column":9}},"line":133},"28":{"name":"(anonymous_28)","decl":{"start":{"line":134,"column":34},"end":{"line":134,"column":35}},"loc":{"start":{"line":134,"column":41},"end":{"line":134,"column":58}},"line":134},"29":{"name":"(anonymous_29)","decl":{"start":{"line":138,"column":41},"end":{"line":138,"column":42}},"loc":{"start":{"line":138,"column":48},"end":{"line":138,"column":59}},"line":138},"30":{"name":"(anonymous_30)","decl":{"start":{"line":144,"column":4},"end":{"line":144,"column":5}},"loc":{"start":{"line":144,"column":23},"end":{"line":146,"column":null}},"line":144},"31":{"name":"(anonymous_31)","decl":{"start":{"line":151,"column":4},"end":{"line":151,"column":5}},"loc":{"start":{"line":151,"column":23},"end":{"line":153,"column":null}},"line":151},"32":{"name":"(anonymous_32)","decl":{"start":{"line":158,"column":4},"end":{"line":158,"column":5}},"loc":{"start":{"line":158,"column":23},"end":{"line":160,"column":null}},"line":158},"33":{"name":"(anonymous_33)","decl":{"start":{"line":164,"column":39
[...]
ns":[{"start":{"line":77,"column":22},"end":{"line":77,"column":46}},{"start":{"line":77,"column":46},"end":{"line":77,"column":null}}],"line":77},"1":{"loc":{"start":{"line":89,"column":22},"end":{"line":89,"column":null}},"type":"binary-expr","locations":[{"start":{"line":89,"column":22},"end":{"line":89,"column":46}},{"start":{"line":89,"column":46},"end":{"line":89,"column":null}}],"line":89},"2":{"loc":{"start":{"line":98,"column":8},"end":{"line":100,"column":null}},"type":"if","locations":[{"start":{"line":98,"column":8},"end":{"line":100,"column":null}},{"start":{},"end":{}}],"line":98},"3":{"loc":{"start":{"line":104,"column":22},"end":{"line":104,"column":null}},"type":"binary-expr","locations":[{"start":{"line":104,"column":22},"end":{"line":104,"column":46}},{"start":{"line":104,"column":46},"end":{"line":104,"column":null}}],"line":104},"4":{"loc":{"start":{"line":116,"column":22},"end":{"line":116,"column":null}},"type":"binary-expr","locations":[{"start":{"line":116,"column":22},"end":{"line":116,"column":46}},{"start":{"line":116,"column":46},"end":{"line":116,"column":null}}],"line":116}},"s":{"0":1,"1":1,"2":7,"3":7,"4":1,"5":0,"6":0,"7":1,"8":0,"9":0,"10":1,"11":0,"12":0,"13":1,"14":0,"15":0,"16":0,"17":1,"18":7,"19":7,"20":7,"21":7,"22":0,"23":0,"24":0,"25":0,"26":0,"27":0,"28":0,"29":0,"30":0,"31":0,"32":0,"33":0,"34":0,"35":0,"36":0,"37":0,"38":0,"39":0,"40":0,"41":0,"42":0,"43":0,"44":0,"45":0,"46":1},"f":{"0":7,"1":0,"2":0,"3":0,"4":0,"5":0,"6":0,"7":1,"8":7,"9":7,"10":0,"11":0,"12":0,"13":0,"14":0,"15":0,"16":0,"17":0,"18":0,"19":0,"20":0,"21":0},"b":{"0":[0,0],"1":[0,0],"2":[0,0],"3":[0,0],"4":[0,0]},"meta":{"lastBranch":5,"lastFunction":22,"lastStatement":47,"seen":{"s:16:32:23:Infinity":0,"s:25:13:28:Infinity":1,"f:25:62:25:74":0,"s:26:19:26:Infinity":2,"s:27:2:27:Infinity":3,"s:30:13:36:Infinity":4,"f:32:2:32:9":1,"s:33:21:33:Infinity":5,"s:34:4:34:Infinity":6,"s:38:13:44:Infinity":7,"f:40:2:40:9":2,"s:41:21:41:Infinity":8,"s:42:4:42:Infinity":9,"s:46:13:49:Infinity":10,"f:46:62:46:69":3,"s:47:2:47:Infinity":11,"s:48:2:48:Infinity":12,"s:51:6:119:Infinity":13,"f:55:20:55:21":4,"s:56:6:56:Infinity":14,"f:58:24:58:25":5,"s:59:6:59:Infinity":15,"f:61:19:61:20":6,"s:62:6:62:Infinity":16,"f:65:17:65:18":7,"s:66:4:117:Infinity":17,"f:67:35:67:36":8,"s:68:8:68:Infinity":18,"s:69:8:69:Infinity":19,"f:71:37:71:38":9,"s:72:8:72:Infinity":20,"s:73:8:73:Infinity":21,"f:75:36:75:37":10,"s:76:8:76:Infinity":22,"s:77:8:77:Infinity":23,"b:77:22:77:46:77:46:77:Infinity":0,"f:79:35:79:36":11,"s:80:8:80:Infinity":24,"s:81:8:81:Infinity":25,"f:83:37:83:38":12,"s:84:8:84:Infinity":26,"s:85:8:85:Infinity":27,"f:87:36:87:37":13,"s:88:8:88:Infinity":28,"s:89:8:89:Infinity":29,"b:89:22:89:46:89:46:89:Infinity":1,"f:91:35:91:36":14,"s:92:8:92:Infinity":30,"s:93:8:93:Infinity":31,"f:95:37:95:38":15,"s:96:8:96:Infinity":32,"s:97:22:97:Infinity":33,"f:97:44:97:45":16,"s:97:51:97:77":34,"b:98:8:100:Infinity:undefined:undefined:undefined:undefined":2,"s:98:8:100:Infinity":35,"s:99:10:99:Infinity":36,"f:102:36:102:37":17,"s:103:8:103:Infinity":37,"s:104:8:104:Infinity":38,"b:104:22:104:46:104:46:104:Infinity":3,"f:106:35:106:36":18,"s:107:8:107:Infinity":39,"s:108:8:108:Infinity":40,"f:110:37:110:38":19,"s:111:8:111:Infinity":41,"s:112:8:112:Infinity":42,"f:112:41:112:42":20,"s:112:48:112:71":43,"f:114:36:114:37":21,"s:115:8:115:Infinity":44,"s:116:8:116:Infinity":45,"b:116:22:116:46:116:46:116:Infinity":4,"s:121:69:121:Infinity":46}}}
,"/Users/kiran/Developer/test/Claros-Analytics-Frontend/src/store/slices/userSlice.ts": {"path":"/Users/kiran/Developer/test/Claros-Analytics-Frontend/src/store/slices/userSlice.ts","statementMap":{"0":{"start":{"line":15,"column":32},"end":{"line":23,"column":null}},"1":{"start":{"line":25,"column":13},"end":{"line":28,"column":null}},"2":{"start":{"line":26,"column":19},"end":{"line":26,"column":null}},"3":{"start":{"line":27,"column":2},"end":{"line":27,"column":null}},"4":{"start":{"line":30,"column":13},"end":{"line":33,"column":null}},"5":{"start":{"line":31,"column":19},"end":{"line":31,"column":null}},"6":{"start":{"line":32,"column":2},"end":{"line":32,"column":null}},"7":{"start":{"line":35,"column":13},"end":{"line":41,"column":null}},"8":{"start":{"line":38,"column":21},"end":{"line":38,"column":null}},"9":{"start":{"line":39,"column":4},"end":{"line":39,"column":null}},"10":{"start":{"line":43,"column":13},"end":{"line":49,"column":null}},"11":{"start":{"line":46,"column":21},"end":{"line":46,"column":null}},"12":{"start":{"line":47,"column":4},"end":{"line":47,"column":null}},"13":{"start":{"line":51,"column":13},"end":{"line":54,"column":null}},"14":{"start":{"line":52,"column":2},"end":{"line":52,"column":null}},"15":{"start":{"line":53,"column":2},"end":{"line":53,"column":null}},"16":{"start":{"line":56,"column":6},"end":{"line":117,"column":null}},"17":{"start":{"line":61,"column":6},"end":{"line":61,"column":null}},"18":{"start":{"line":64,"column":6},"end":{"line":64,"column":null}},"19":{"start":{"line":67,"column":6},"end":{"line":67,"column":null}},"20":{"start":{"line":68,"column":6},"end":{"line":68,"column":null}},"21":{"start":{"line":71,"column":6},"end":{"line":71,"column":null}},"22":{"start":{"line":74,"column":6},"end":{"line":74,"column":null}},"23":{"start":{"line":75,"column":6},"end":{"line":75,"column":null}},"24":{"start":{"line":79,"column":4},"end":{"line":115,"column":null}},"25":{"start":{"line":81,"column":8},"end":{"line":81,"column":null}},"26":{"start":{"line":82,"column":8},"end":{"line":82,"column":null}},"27":{"start":{"line":85,"column":8},"end":{"line":85,"column":null}},"28":{"start":{"line":86,"column":8},"end":{"line":86,"column":null}},"29":{"start":{"line":89,"column":8},"end":{"line":89,"column":null}},"30":{"start":{"line":90,"column":8},"end":{"line":90,"column":null}},"31":{"start":{"line":93,"column":8},"end":{"line":93,"column":null}},"32":{"start":{"line":94,"column":8},"end":{"line":94,"column":null}},"33":{"start":{"line":97,"column":8},"end":{"line":97,"column":null}},"34":{"start":{"line":98,"column":8},"end":{"line":98,"column":null}},"35":{"start":{"line":101,"column":8},"end":{"line":101,"column":null}},"36":{"start":{"line":102,"column":8},"end":{"line":102,"column":null}},"37":{"start":{"line":105,"column":8},"end":{"line":105,"column":null}},"38":{"start":{"line":108,"column":22},"end":{"line":108,"column":null}},"39":{"start":{"line":108,"column":51},"end":{"line":108,"column":77}},"40":{"start":{"line":109,"column":8},"end":{"line":111,"column":null}},"41":{"start":{"line":110,"column":10},"end":{"line":110,"column":null}},"42":{"start":{"line":114,"column":8},"end":{"line":114,"column":null}},"43":{"start":{"line":114,"column":48},"end":{"line":114,"column":71}},"44":{"start":{"line":119,"column":98},"end":{"line":119,"column":null}}},"fnMap":{"0":{"name":"(anonymous_0)","decl":{"start":{"line":25,"column":62},"end":{"line":25,"column":74}},"loc":{"start":{"line":25,"column":74},"end":{"line":28,"column":1}},"line":25},"1":{"name":"(anonymous_1)","decl":{"start":{"line":30,"column":68},"end":{"line":30,"column":75}},"loc":{"start":{"line":30,"column":90},"end":{"line":33,"column":1}},"line":30},"2":{"name":"(anonymous_2)","decl":{"start":{"line":37,"column":2},"end":{"line":37,"column":9}},"loc":{"start":{"line":37,"column":36},"end":{"line":40,"column":null}},"line":37},"3":{"name":"(anonymous_3)","decl":{"start":{"line":45,"column":2},"end":{"line":45,"column":9}},"loc":{"start":{"line":45,"column":63},"end":{"line":48,"column":null}},"line":45},"4":{"name":"(anonymous_4)","decl":{"start":{"line":51,"column":62},"end":{"line":51,"column":69}},"loc":{"start":{"line":51,"column":84},"end":{"line":54,"column":1}},"line":51},"5":{"name":"(anonymous_5)","decl":{"start":{"line":60,"column":23},"end":{"line":60,"column":24}},"loc":{"start":{"line":60,"column":34},"end":{"line":62,"column":null}},"line":60},"6":{"name":"(anonymous_6)","decl":{"start":{"line":63,"column":16},"end":{"line":63,"column":17}},"loc":{"start":{"line":63,"column":27},"end":{"line":65,"column":null}},"line":63},"7":{"name":"(anonymous_7)","decl":{"start":{"line":66,"column":20},"end":{"line":66,"column":21}},"loc":{"start":{"line":66,"column":39},"end":{"line":69,"column":null}},"line":66},"8":{"name":"(anonymous_8)","decl":{"start":{"line":70,"column":20},"end":{"line":70,"column":21}},"loc":{"start":{"line":70,"column":39},"end":{"line":72,"column":null}},"line":70},"9":{"name":"(anonymous_9)","decl":{"start":{"line":73,"column":21},"end":{"line":73,"column":22}},"loc":{"start":{"line":73,"column":40},"end":{"line":76,"column":null}},"line":73},"10":{"name":"(anonymous_10)","decl":{"start":{"line":78,"column":17},"end":{"line":78,"column":18}},"loc":{"start":{"line":78,"column":30},"end":{"line":116,"column":null}},"line":78},"11":{"name":"(anonymous_11)","decl":{"start":{"line":80,"column":35},"end":{"line":80,"column":36}},"loc":{"start":{"line":80,"column":46},"end":{"line":83,"column":7}},"line":80},"12":{"name":"(anonymous_12)","decl":{"start":{"line":84,"column":37},"end":{"line":84,"column":38}},"loc":{"start":{"line":84,"column":56},"end":{"line":87,"column":7}},"line":84},"13":{"name":"(anonymous_13)","decl":{"start":{"line":88,"column":36},"end":{"line":88,"column":37}},"loc":{"start":{"line":88,"column":55},"end":{"line":91,"column":7}},"line":88},"14":{"name":"(anonymous_14)","decl":{"start":{"line":92,"column":38},"end":{"line":92,"column":39}},"loc":{"start":{"line":92,"column":49},"end":{"line":95,"column":7}},"line":92},"15":{"name":"(anonymous_15)","decl":{"start":{"line":96,"column":40},"end":{"line":96,"column":41}},"loc":{"start":{"line":96,"column":59},"end":{"line":99,"column":7}},"line":96},"16":{"name":"(anonymous_16)","decl":{"start":{"line":100,"column":39},"end":{"line":100,"column":40}},"loc":{"start":{"line":100,"column":58},"end":{"line":103,"column":7}},"line":100},"17":{"name":"(anonymous_17)","decl":{"start":{"line":104,"column":37},"end":{"line":104,"column":38}},"loc":{"start":{"line":104,"column":56},"end":{"line":106,"column":7}},"line":104},"18":{"name":"(anonymous_18)","decl":{"start":{"line":107,"column":37},"end":{"line":107,"column":38}},"loc":{"start":{"line":107,"column":56},"end":{"line":112,"column":7}},"line":107},"19":{"name":"(anonymous_19)","decl":{"start":{"line":108,"column":44},"end":{"line":108,"column":45}},"loc":{"start":{"line":108,"column":51},"end":{"line":108,"column":77}},"line":108},"20":{"name":"(anonymous_20)","decl":{"start":{"line":113,"column":37},"end":{"line":113,"column":38}},"loc":{"start":{"line":113,"column":56},"end":{"line":115,"column":7}},"line":113},"21":{"name":"(anonymous_21)","decl":{"start":{"line":114,"column":41},"end":{"line":114,"column":42}},"loc":{"start":{"line":114,"column":48},"end":{"line":114,"column":71}},"line":114}},"branchMap":{"0":{"loc":{"start":{"line":90,"column":22},"end":{"line":90,"column":null}},"type":"binary-expr","locations":[{"start":{"line":90,"column":22},"end":{"line":90,"column":46}},{"start":{"line":90,"column":46},"end":{"line":90,"column":null}}],"line":90},"1":{"loc":{"start":{"line":102,"column":22},"end":{"line":102,"column":null}},"type":"binary-expr","locations":[{"start":{"line":102,"column":22},"end":{"line":102,"column":46}},{"start":{"line":102,"column":46},"end":{"line":102,"column":null}}],"line":102},"2":{"loc":{"start":{"line":109,"column":8},"end":{"line":111,"column":null}},"type":"if","locations":[{"start":{"line":109,"column":8},"end":{"line":111,"column":null}},{"start":{},"end":{}}],"line":109}},"s":{"0":2,"1":2,"2":5,"3":3,"4":2,"5":0,"6":0,"7":2,"8":0,"9":0,"10":2,"11":0,"12":0,"13":2,"14":0,"15":0,"16":2,"17":0,"18":1,"19":2,"20":2,"21":1,"22":1,"23":1,"24":2,"25":5,"26":5,"27":3,"28":3,"29":1,"30":1,"31":0,"32":0,"33":0,"34":0,"35":0,"36":0,"37":0,"38":0,"39":0,"40":0,"41":0,"42":0,"43":0,"44":2},"f":{"0":5,"1":0,"2":0,"3":0,"4":0,"5":0,"6":1,"7":2,"8":1,"9":1,"10":2,"11":5,"12":3,"13":1,"14":0,"15":0,"16":0,"17":0,"18":0,"19":0,"20":0,"21":0},"b":{"0":[1,0],"1":[0,0],"2":[0,0]},"meta":{"lastBranch":3,"lastFunction":22,"lastStatement":45,"seen":{"s:15:32:23:Infinity":0,"s:25:13:28:Infinity":1,"f:25:62:25:74":0,"s:26:19:26:Infinity":2,"s:27:2:27:Infinity":3,"s:30:13:33:Infinity":4,"f:30:68:30:75":1,"s:31:19:31:Infinity":5,"s:32:2:32:Infinity":6,"s:35:13:41:Infinity":7,"f:37:2:37:9":2,"s:38:21:38:Infinity":8,"s:39:4:39:Infinity":9,"s:43:13:49:Infinity":10,"f:45:2:45:9":3,"s:46:21:46:Infinity":11,"s:47:4:47:Infinity":12,"s:51:13:54:Infinity":13,"f:51:62:51:69":4,"s:52:2:52:Infinity":14,"s:53:2:53:Infinity":15,"s:56:6:117:Infinity":16,"f:60:23:60:24":5,"s:61:6:61:Infinity":17,"f:63:16:63:17":6,"s:64:6:64:Infinity":18,"f:66:20:66:21":7,"s:67:6:67:Infinity":19,"s:68:6:68:Infinity":20,"f:70:20:70:21":8,"s:71:6:71:Infinity":21,"f:73:21:73:22":9,"s:74:6:74:Infinity":22,"s:75:6:75:Infinity":23,"f:78:17:78:18":10,"s:79:4:115:Infinity":24,"f:80:35:80:36":11,"s:81:8:81:Infinity":25,"s:82:8:82:Infinity":26,"f:84:37:84:38":12,"s:85:8:85:Infinity":27,"s:86:8:86:Infinity":28,"f:88:36:88:37":13,"s:89:8:89:Infinity":29,"s:90:8:90:Infinity":30,"b:90:22:90:46:90:46:90:Infinity":0,"f:92:38:92:39":14,"s:93:8:93:Infinity":31,"s:94:8:94:Infinity":32,"f:96:40:96:41":15,"s:97:8:97:Infinity":33,"s:98:8:98:Infinity":34,"f:100:39:100:40":16,"s:101:8:101:Infinity":35,"s:102:8:102:Infinity":36,"b:102:22:102:46:102:46:102:Infinity":1,"f:104:37:104:38":17,"s:105:8:105:Infinity":37,"f:107:37:107:38":18,"s:108:22:108:Infinity":38,"f:108:44:108:45":19,"s:108:51:108:77":39,"b:109:8:111:Infinity:undefined:undefined:undefined:undefined":2,"s:109:8:111:Infinity":40,"s:110:10:110:Infinity":41,"f:113:37:113:38":20,"s:114:8:114:Infinity":42,"f:114:41:114:42":21,"s:114:48:114:71":43,"s:119:98:119:Infinity":44}}}
,"/Users/kiran/Developer/test/Claros-Analytics-Frontend/src/test/test-utils.tsx": {"path":"/Users/kiran/Developer/test/Claros-Analytics-Frontend/src/test/test-utils.tsx","statementMap":{"0":{"start":{"line":12,"column":2},"end":{"line":12,"column":null}}},"fnMap":{"0":{"name":"customRender","decl":{"start":{"line":8,"column":9},"end":{"line":8,"column":null}},"loc":{"start":{"line":11,"column":2},"end":{"line":13,"column":null}},"line":11}},"branchMap":{},"s":{"0":76},"f":{"0":76},"b":{},"meta":{"lastBranch":0,"lastFunction":1,"lastStatement":1,"seen":{"f:8:9:8:Infinity":0,"s:12:2:12:Infinity":0}}}
,"/Users/kiran/Developer/test/Claros-Analytics-Frontend/src/test/mocks/dashboard.ts": {"path":"/Users/kiran/Developer/test/Claros-Analytics-Frontend/src/test/mocks/dashboard.ts","statementMap":{"0":{"start":{"line":46,"column":24},"end":{"line":46,"column":null}},"1":{"start":{"line":51,"column":13},"end":{"line":51,"column":null}},"2":{"start":{"line":52,"column":2},"end":{"line":61,"column":null}},"3":{"start":{"line":68,"column":2},"end":{"line":70,"column":null}},"4":{"start":{"line":69,"column":4},"end":{"line":69,"column":null}},"5":{"start":{"line":76,"column":36},"end":{"line":82,"column":null}},"6":{"start":{"line":83,"column":2},"end":{"line":83,"column":null}},"7":{"start":{"line":83,"column":36},"end":{"line":83,"column":65}},"8":{"start":{"line":89,"column":36},"end":{"line":92,"column":null}},"9":{"start":{"line":93,"column":2},"end":{"line":93,"column":null}},"10":{"start":{"line":93,"column":36},"end":{"line":93,"column":65}},"11":{"start":{"line":99,"column":2},"end":{"line":107,"column":null}},"12":{"start":{"line":117,"column":47},"end":{"line":145,"column":null}},"13":{"start":{"line":150,"column":48},"end":{"line":156,"column":null}},"14":{"start":{"line":161,"column":48},"end":{"line":164,"column":null}},"15":{"start":{"line":174,"column":2},"end":{"line":174,"column":null}}},"fnMap":{"0":{"name":"createMockActivity","decl":{"start":{"line":48,"column":16},"end":{"line":48,"column":null}},"loc":{"start":{"line":50,"column":16},"end":{"line":62,"column":null}},"line":50},"1":{"name":"createMockActivities","decl":{"start":{"line":64,"column":16},"end":{"line":64,"column":null}},"loc":{"start":{"line":67,"column":18},"end":{"line":71,"column":null}},"line":67},"2":{"name":"(anonymous_2)","decl":{"start":{"line":68,"column":39},"end":{"line":68,"column":40}},"loc":{"start":{"line":69,"column":4},"end":{"line":69,"column":null}},"line":69},"3":{"name":"createMockChartData","decl":{"start":{"line":73,"column":16},"end":{"line":73,"column":null}},"loc":{"start":{"line":75,"column":19},"end":{"line":84,"column":null}},"line":75},"4":{"name":"(anonymous_4)","decl":{"start":{"line":83,"column":22},"end":{"line":83,"column":23}},"loc":{"start":{"line":83,"column":36},"end":{"line":83,"column":65}},"line":83},"5":{"name":"createMockDonutData","decl":{"start":{"line":86,"column":16},"end":{"line":86,"column":null}},"loc":{"start":{"line":88,"column":19},"end":{"line":94,"column":null}},"line":88},"6":{"name":"(anonymous_6)","decl":{"start":{"line":93,"column":22},"end":{"line":93,"column":23}},"loc":{"start":{"line":93,"column":36},"end":{"line":93,"column":65}},"line":93},"7":{"name":"createMockPaginationProps","decl":{"start":{"line":96,"column":16},"end":{"line":96,"column":null}},"loc":{"start":{"line":98,"column":19},"end":{"line":108,"column":null}},"line":98},"8":{"name":"resetActivityIdCounter","decl":{"start":{"line":173,"column":16},"end":{"line":173,"column":41}},"loc":{"start":{"line":173,"column":41},"end":{"line":175,"column":null}},"line":173}},"branchMap":{"0":{"loc":{"start":{"line":49,"column":2},"end":{"line":49,"column":null}},"type":"default-arg","locations":[{"start":{"line":49,"column":37},"end":{"line":49,"column":null}}],"line":49},"1":{"loc":{"start":{"line":51,"column":13},"end":{"line":51,"column":null}},"type":"binary-expr","locations":[{"start":{"line":51,"column":13},"end":{"line":51,"column":29}},{"start":{"line":51,"column":29},"end":{"line":51,"column":null}}],"line":51},"2":{"loc":{"start":{"line":66,"column":2},"end":{"line":66,"column":null}},"type":"default-arg","locations":[{"start":{"line":66,"column":39},"end":{"line":66,"column":null}}],"line":66},"3":{"loc":{"start":{"line":69,"column":23},"end":{"line":69,"column":41}},"type":"binary-expr","locations":[{"start":{"line":69,"column":23},"end":{"line":69,"column":39}},{"start":{"line":69,"column":39},"end":{"line":69,"column":41}}],"line":69},"4":{"loc":{"start":{"line":74,"column":2},"end":{"line":74,"column":null}},"type":"default-arg","locations":[{"start":{"line":74,"column":40},"end":{"line":74,"column":null}}],"line":74},"5":{"loc":{"start":{"line":87,"column":2},"end":{"line":87,"column":null}},"type":"default-arg","locations":[{"start":{"line":87,"column":40},"end":{"line":87,"column":null}}],"line":87},"6":{"loc":{"start":{"line":97,"column":2},"end":{"line":97,"column":null}},"type":"default-arg","locations":[{"start":{"line":97,"column":40},"end":{"line":97,"column":null}}],"line":97}},"s":{"0":4,"1":1,"2":1,"3":0,"4":0,"5":0,"6":0,"7":0,"8":0,"9":0,"10":0,"11":14,"12":4,"13":4,"14":4,"15":0},"f":{"0":1,"1":0,"2":0,"3":0,"4":0,"5":0,"6":0,"7":14,"8":0},"b":{"0":[1],"1":[1,0],"2":[0],"3":[0,0],"4":[0],"5":[0],"6":[14]},"meta":{"lastBranch":7,"lastFunction":9,"lastStatement":16,"seen":{"s:46:24:46:Infinity":0,"f:48:16:48:Infinity":0,"b:49:37:49:Infinity":0,"s:51:13:51:Infinity":1,"b:51:13:51:29:51:29:51:Infinity":1,"s:52:2:61:Infinity":2,"f:64:16:64:Infinity":1,"b:66:39:66:Infinity":2,"s:68:2:70:Infinity":3,"f:68:39:68:40":2,"s:69:4:69:Infinity":4,"b:69:23:69:39:69:39:69:41":3,"f:73:16:73:Infinity":3,"b:74:40:74:Infinity":4,"s:76:36:82:Infinity":5,"s:83:2:83:Infinity":6,"f:83:22:83:23":4,"s:83:36:83:65":7,"f:86:16:86:Infinity":5,"b:87:40:87:Infinity":5,"s:89:36:92:Infinity":8,"s:93:2:93:Infinity":9,"f:93:22:93:23":6,"s:93:36:93:65":10,"f:96:16:96:Infinity":7,"b:97:40:97:Infinity":6,"s:99:2:107:Infinity":11,"s:117:47:145:Infinity":12,"s:150:48:156:Infinity":13,"s:161:48:164:Infinity":14,"f:173:16:173:41":8,"s:174:2:174:Infinity":15}}}
}
